{"/home/travis/build/npmtest/node-npmtest-ipfs/test.js":{"path":"/home/travis/build/npmtest/node-npmtest-ipfs/test.js","s":{"1":2,"2":2,"3":2,"4":2,"5":2,"6":2,"7":2,"8":1,"9":2,"10":2,"11":1,"12":1,"13":1,"14":1,"15":2,"16":2,"17":2,"18":2,"19":1,"20":1,"21":2,"22":2,"23":2,"24":1,"25":1,"26":1,"27":1,"28":1,"29":1,"30":1,"31":1,"32":1,"33":1,"34":1,"35":1,"36":1,"37":1,"38":1,"39":2,"40":2,"41":1,"42":2,"43":2,"44":1,"45":2,"46":2,"47":1,"48":2,"49":2,"50":1,"51":1,"52":1,"53":1,"54":1},"b":{"1":[2,1,1,1],"2":[1,1,1,1],"3":[1,1],"4":[1,1],"5":[1,1],"6":[1,1],"7":[1,1],"8":[1,1],"9":[1,1],"10":[1,1,1],"11":[1,1],"12":[1,1],"13":[1,1],"14":[1,1],"15":[1,1],"16":[1,1],"17":[1,1]},"f":{"1":2,"2":2,"3":2,"4":2,"5":2,"6":1,"7":1,"8":1,"9":2,"10":2,"11":2,"12":2,"13":1},"fnMap":{"1":{"name":"(anonymous_1)","line":12,"loc":{"start":{"line":12,"column":1},"end":{"line":12,"column":13}}},"2":{"name":"(anonymous_2)","line":19,"loc":{"start":{"line":19,"column":5},"end":{"line":19,"column":17}}},"3":{"name":"(anonymous_3)","line":23,"loc":{"start":{"line":23,"column":24},"end":{"line":23,"column":36}}},"4":{"name":"(anonymous_4)","line":61,"loc":{"start":{"line":61,"column":5},"end":{"line":61,"column":17}}},"5":{"name":"(anonymous_5)","line":82,"loc":{"start":{"line":82,"column":5},"end":{"line":82,"column":17}}},"6":{"name":"(anonymous_6)","line":91,"loc":{"start":{"line":91,"column":77},"end":{"line":94,"column":10}}},"7":{"name":"(anonymous_7)","line":112,"loc":{"start":{"line":112,"column":83},"end":{"line":115,"column":10}},"skip":true},"8":{"name":"(anonymous_8)","line":123,"loc":{"start":{"line":123,"column":77},"end":{"line":126,"column":10}},"skip":true},"9":{"name":"(anonymous_9)","line":139,"loc":{"start":{"line":139,"column":12},"end":{"line":139,"column":40}},"skip":true},"10":{"name":"(anonymous_10)","line":147,"loc":{"start":{"line":147,"column":77},"end":{"line":150,"column":10}},"skip":true},"11":{"name":"(anonymous_11)","line":158,"loc":{"start":{"line":158,"column":83},"end":{"line":161,"column":10}},"skip":true},"12":{"name":"(anonymous_12)","line":169,"loc":{"start":{"line":169,"column":79},"end":{"line":172,"column":10}},"skip":true},"13":{"name":"(anonymous_13)","line":180,"loc":{"start":{"line":180,"column":75},"end":{"line":183,"column":10}},"skip":true}},"statementMap":{"1":{"start":{"line":12,"column":0},"end":{"line":195,"column":5}},"2":{"start":{"line":14,"column":4},"end":{"line":14,"column":14}},"3":{"start":{"line":19,"column":4},"end":{"line":56,"column":9}},"4":{"start":{"line":21,"column":8},"end":{"line":21,"column":19}},"5":{"start":{"line":23,"column":8},"end":{"line":35,"column":13}},"6":{"start":{"line":24,"column":12},"end":{"line":34,"column":13}},"7":{"start":{"line":25,"column":16},"end":{"line":28,"column":30}},"8":{"start":{"line":30,"column":16},"end":{"line":33,"column":27}},"9":{"start":{"line":37,"column":8},"end":{"line":39,"column":21}},"10":{"start":{"line":40,"column":8},"end":{"line":53,"column":9}},"11":{"start":{"line":43,"column":12},"end":{"line":46,"column":14}},"12":{"start":{"line":47,"column":12},"end":{"line":47,"column":18}},"13":{"start":{"line":50,"column":12},"end":{"line":51,"column":33}},"14":{"start":{"line":52,"column":12},"end":{"line":52,"column":18}},"15":{"start":{"line":55,"column":8},"end":{"line":55,"column":35}},"16":{"start":{"line":61,"column":4},"end":{"line":63,"column":9}},"17":{"start":{"line":62,"column":8},"end":{"line":62,"column":15}},"18":{"start":{"line":64,"column":4},"end":{"line":77,"column":5}},"19":{"start":{"line":70,"column":8},"end":{"line":70,"column":14}},"20":{"start":{"line":76,"column":8},"end":{"line":76,"column":14}},"21":{"start":{"line":82,"column":4},"end":{"line":84,"column":9}},"22":{"start":{"line":83,"column":8},"end":{"line":83,"column":15}},"23":{"start":{"line":85,"column":4},"end":{"line":194,"column":5}},"24":{"start":{"line":91,"column":8},"end":{"line":99,"column":10}},"25":{"start":{"line":98,"column":12},"end":{"line":98,"column":35}},"26":{"start":{"line":102,"column":8},"end":{"line":104,"column":63}},"27":{"start":{"line":105,"column":8},"end":{"line":105,"column":14}},"28":{"start":{"line":112,"column":8},"end":{"line":121,"column":10},"skip":true},"29":{"start":{"line":119,"column":12},"end":{"line":119,"column":55},"skip":true},"30":{"start":{"line":120,"column":12},"end":{"line":120,"column":48},"skip":true},"31":{"start":{"line":123,"column":8},"end":{"line":136,"column":10},"skip":true},"32":{"start":{"line":130,"column":12},"end":{"line":130,"column":76},"skip":true},"33":{"start":{"line":131,"column":12},"end":{"line":131,"column":73},"skip":true},"34":{"start":{"line":132,"column":12},"end":{"line":132,"column":74},"skip":true},"35":{"start":{"line":133,"column":12},"end":{"line":133,"column":79},"skip":true},"36":{"start":{"line":134,"column":12},"end":{"line":134,"column":25},"skip":true},"37":{"start":{"line":135,"column":12},"end":{"line":135,"column":45},"skip":true},"38":{"start":{"line":138,"column":8},"end":{"line":145,"column":14},"skip":true},"39":{"start":{"line":143,"column":16},"end":{"line":143,"column":29},"skip":true},"40":{"start":{"line":144,"column":16},"end":{"line":144,"column":55},"skip":true},"41":{"start":{"line":147,"column":8},"end":{"line":156,"column":10},"skip":true},"42":{"start":{"line":154,"column":12},"end":{"line":154,"column":25},"skip":true},"43":{"start":{"line":155,"column":12},"end":{"line":155,"column":45},"skip":true},"44":{"start":{"line":158,"column":8},"end":{"line":167,"column":10},"skip":true},"45":{"start":{"line":165,"column":12},"end":{"line":165,"column":25},"skip":true},"46":{"start":{"line":166,"column":12},"end":{"line":166,"column":48},"skip":true},"47":{"start":{"line":169,"column":8},"end":{"line":178,"column":10},"skip":true},"48":{"start":{"line":176,"column":12},"end":{"line":176,"column":25},"skip":true},"49":{"start":{"line":177,"column":12},"end":{"line":177,"column":46},"skip":true},"50":{"start":{"line":180,"column":8},"end":{"line":189,"column":10},"skip":true},"51":{"start":{"line":187,"column":12},"end":{"line":187,"column":94},"skip":true},"52":{"start":{"line":188,"column":12},"end":{"line":188,"column":48},"skip":true},"53":{"start":{"line":192,"column":8},"end":{"line":192,"column":35},"skip":true},"54":{"start":{"line":193,"column":8},"end":{"line":193,"column":14},"skip":true}},"branchMap":{"1":{"line":25,"type":"binary-expr","locations":[{"start":{"line":25,"column":23},"end":{"line":25,"column":62}},{"start":{"line":26,"column":20},"end":{"line":26,"column":70}},{"start":{"line":27,"column":20},"end":{"line":27,"column":71}},{"start":{"line":28,"column":20},"end":{"line":28,"column":29}}]},"2":{"line":30,"type":"binary-expr","locations":[{"start":{"line":30,"column":23},"end":{"line":30,"column":37}},{"start":{"line":31,"column":20},"end":{"line":31,"column":61}},{"start":{"line":32,"column":20},"end":{"line":32,"column":70}},{"start":{"line":33,"column":20},"end":{"line":33,"column":26}}]},"3":{"line":37,"type":"cond-expr","locations":[{"start":{"line":38,"column":14},"end":{"line":38,"column":20}},{"start":{"line":39,"column":14},"end":{"line":39,"column":20}}]},"4":{"line":40,"type":"switch","locations":[{"start":{"line":42,"column":8},"end":{"line":47,"column":18}},{"start":{"line":49,"column":8},"end":{"line":52,"column":18}}]},"5":{"line":44,"type":"binary-expr","locations":[{"start":{"line":44,"column":16},"end":{"line":44,"column":44}},{"start":{"line":44,"column":48},"end":{"line":44,"column":66}}]},"6":{"line":50,"type":"binary-expr","locations":[{"start":{"line":50,"column":21},"end":{"line":50,"column":49}},{"start":{"line":50,"column":53},"end":{"line":50,"column":72}}]},"7":{"line":64,"type":"switch","locations":[{"start":{"line":69,"column":4},"end":{"line":70,"column":14}},{"start":{"line":75,"column":4},"end":{"line":76,"column":14}}]},"8":{"line":85,"type":"switch","locations":[{"start":{"line":90,"column":4},"end":{"line":105,"column":14}},{"start":{"line":111,"column":4},"end":{"line":193,"column":14},"skip":true}]},"9":{"line":91,"type":"binary-expr","locations":[{"start":{"line":91,"column":42},"end":{"line":91,"column":73}},{"start":{"line":91,"column":77},"end":{"line":99,"column":9}}]},"10":{"line":102,"type":"binary-expr","locations":[{"start":{"line":102,"column":18},"end":{"line":102,"column":32}},{"start":{"line":103,"column":12},"end":{"line":103,"column":53}},{"start":{"line":104,"column":12},"end":{"line":104,"column":61}}]},"11":{"line":112,"type":"binary-expr","locations":[{"start":{"line":112,"column":45},"end":{"line":112,"column":79},"skip":true},{"start":{"line":112,"column":83},"end":{"line":121,"column":9},"skip":true}]},"12":{"line":123,"type":"binary-expr","locations":[{"start":{"line":123,"column":42},"end":{"line":123,"column":73},"skip":true},{"start":{"line":123,"column":77},"end":{"line":136,"column":9},"skip":true}]},"13":{"line":138,"type":"binary-expr","locations":[{"start":{"line":138,"column":48},"end":{"line":138,"column":85},"skip":true},{"start":{"line":139,"column":12},"end":{"line":145,"column":13},"skip":true}]},"14":{"line":147,"type":"binary-expr","locations":[{"start":{"line":147,"column":42},"end":{"line":147,"column":73},"skip":true},{"start":{"line":147,"column":77},"end":{"line":156,"column":9},"skip":true}]},"15":{"line":158,"type":"binary-expr","locations":[{"start":{"line":158,"column":45},"end":{"line":158,"column":79},"skip":true},{"start":{"line":158,"column":83},"end":{"line":167,"column":9},"skip":true}]},"16":{"line":169,"type":"binary-expr","locations":[{"start":{"line":169,"column":43},"end":{"line":169,"column":75},"skip":true},{"start":{"line":169,"column":79},"end":{"line":178,"column":9},"skip":true}]},"17":{"line":180,"type":"binary-expr","locations":[{"start":{"line":180,"column":41},"end":{"line":180,"column":71},"skip":true},{"start":{"line":180,"column":75},"end":{"line":189,"column":9},"skip":true}]}},"code":["/* istanbul instrument in package npmtest_ipfs */","/*jslint","    bitwise: true,","    browser: true,","    maxerr: 8,","    maxlen: 96,","    node: true,","    nomen: true,","    regexp: true,","    stupid: true","*/","(function () {","    'use strict';","    var local;","","","","    // run shared js-env code - pre-init","    (function () {","        // init local","        local = {};","        // init modeJs","        local.modeJs = (function () {","            try {","                return typeof navigator.userAgent === 'string' &&","                    typeof document.querySelector('body') === 'object' &&","                    typeof XMLHttpRequest.prototype.open === 'function' &&","                    'browser';","            } catch (errorCaughtBrowser) {","                return module.exports &&","                    typeof process.versions.node === 'string' &&","                    typeof require('http').createServer === 'function' &&","                    'node';","            }","        }());","        // init global","        local.global = local.modeJs === 'browser'","            ? window","            : global;","        switch (local.modeJs) {","        // re-init local from window.local","        case 'browser':","            local = local.global.utility2.objectSetDefault(","                local.global.utility2_rollup || local.global.local,","                local.global.utility2","            );","            break;","        // re-init local from example.js","        case 'node':","            local = (local.global.utility2_rollup || require('utility2'))","                .requireReadme();","            break;","        }","        // export local","        local.global.local = local;","    }());","","","","    // run shared js-env code - function","    (function () {","        return;","    }());","    switch (local.modeJs) {","","","","    // run browser js-env code - function","    case 'browser':","        break;","","","","    // run node js-env code - function","    case 'node':","        break;","    }","","","","    // run shared js-env code - post-init","    (function () {","        return;","    }());","    switch (local.modeJs) {","","","","    // run browser js-env code - post-init","    case 'browser':","        local.testCase_browser_nullCase = local.testCase_browser_nullCase || function (","            options,","            onError","        ) {","        /*","         * this function will test browsers's null-case handling-behavior-behavior","         */","            onError(null, options);","        };","","        // run tests","        local.nop(local.modeTest &&","            document.querySelector('#testRunButton1') &&","            document.querySelector('#testRunButton1').click());","        break;","","","","    // run node js-env code - post-init","    /* istanbul ignore next */","    case 'node':","        local.testCase_buildApidoc_default = local.testCase_buildApidoc_default || function (","            options,","            onError","        ) {","        /*","         * this function will test buildApidoc's default handling-behavior-behavior","         */","            options = { modulePathList: module.paths };","            local.buildApidoc(options, onError);","        };","","        local.testCase_buildApp_default = local.testCase_buildApp_default || function (","            options,","            onError","        ) {","        /*","         * this function will test buildApp's default handling-behavior-behavior","         */","            local.testCase_buildReadme_default(options, local.onErrorThrow);","            local.testCase_buildLib_default(options, local.onErrorThrow);","            local.testCase_buildTest_default(options, local.onErrorThrow);","            local.testCase_buildCustomOrg_default(options, local.onErrorThrow);","            options = [];","            local.buildApp(options, onError);","        };","","        local.testCase_buildCustomOrg_default = local.testCase_buildCustomOrg_default ||","            function (options, onError) {","            /*","             * this function will test buildCustomOrg's default handling-behavior","             */","                options = {};","                local.buildCustomOrg(options, onError);","            };","","        local.testCase_buildLib_default = local.testCase_buildLib_default || function (","            options,","            onError","        ) {","        /*","         * this function will test buildLib's default handling-behavior","         */","            options = {};","            local.buildLib(options, onError);","        };","","        local.testCase_buildReadme_default = local.testCase_buildReadme_default || function (","            options,","            onError","        ) {","        /*","         * this function will test buildReadme's default handling-behavior-behavior","         */","            options = {};","            local.buildReadme(options, onError);","        };","","        local.testCase_buildTest_default = local.testCase_buildTest_default || function (","            options,","            onError","        ) {","        /*","         * this function will test buildTest's default handling-behavior","         */","            options = {};","            local.buildTest(options, onError);","        };","","        local.testCase_webpage_default = local.testCase_webpage_default || function (","            options,","            onError","        ) {","        /*","         * this function will test webpage's default handling-behavior","         */","            options = { modeCoverageMerge: true, url: local.serverLocalHost + '?modeTest=1' };","            local.browserTest(options, onError);","        };","","        // run test-server","        local.testRunServer(local);","        break;","    }","}());",""],"l":{"12":2,"14":2,"19":2,"21":2,"23":2,"24":2,"25":2,"30":1,"37":2,"40":2,"43":1,"47":1,"50":1,"52":1,"55":2,"61":2,"62":2,"64":2,"70":1,"76":1,"82":2,"83":2,"85":2,"91":1,"98":1,"102":1,"105":1,"112":1,"119":1,"120":1,"123":1,"130":1,"131":1,"132":1,"133":1,"134":1,"135":1,"138":1,"143":2,"144":2,"147":1,"154":2,"155":2,"158":1,"165":2,"166":2,"169":1,"176":2,"177":2,"180":1,"187":1,"188":1,"192":1,"193":1}},"/home/travis/build/npmtest/node-npmtest-ipfs/lib.npmtest_ipfs.js":{"path":"/home/travis/build/npmtest/node-npmtest-ipfs/lib.npmtest_ipfs.js","s":{"1":2,"2":2,"3":2,"4":2,"5":2,"6":2,"7":2,"8":1,"9":2,"10":2,"11":2,"12":2,"13":1,"14":1,"15":1,"16":1},"b":{"1":[2,1,1,1],"2":[1,1,1,1],"3":[1,1],"4":[2,2],"5":[1,1]},"f":{"1":2,"2":2,"3":2},"fnMap":{"1":{"name":"(anonymous_1)","line":12,"loc":{"start":{"line":12,"column":1},"end":{"line":12,"column":13}}},"2":{"name":"(anonymous_2)","line":19,"loc":{"start":{"line":19,"column":5},"end":{"line":19,"column":17}}},"3":{"name":"(anonymous_3)","line":23,"loc":{"start":{"line":23,"column":24},"end":{"line":23,"column":36}}}},"statementMap":{"1":{"start":{"line":12,"column":0},"end":{"line":53,"column":5}},"2":{"start":{"line":14,"column":4},"end":{"line":14,"column":14}},"3":{"start":{"line":19,"column":4},"end":{"line":52,"column":9}},"4":{"start":{"line":21,"column":8},"end":{"line":21,"column":19}},"5":{"start":{"line":23,"column":8},"end":{"line":35,"column":13}},"6":{"start":{"line":24,"column":12},"end":{"line":34,"column":13}},"7":{"start":{"line":25,"column":16},"end":{"line":28,"column":30}},"8":{"start":{"line":30,"column":16},"end":{"line":33,"column":27}},"9":{"start":{"line":37,"column":8},"end":{"line":39,"column":21}},"10":{"start":{"line":41,"column":8},"end":{"line":41,"column":54}},"11":{"start":{"line":43,"column":8},"end":{"line":43,"column":49}},"12":{"start":{"line":45,"column":8},"end":{"line":51,"column":9}},"13":{"start":{"line":46,"column":12},"end":{"line":46,"column":55}},"14":{"start":{"line":48,"column":12},"end":{"line":48,"column":35}},"15":{"start":{"line":49,"column":12},"end":{"line":49,"column":49}},"16":{"start":{"line":50,"column":12},"end":{"line":50,"column":43}}},"branchMap":{"1":{"line":25,"type":"binary-expr","locations":[{"start":{"line":25,"column":23},"end":{"line":25,"column":62}},{"start":{"line":26,"column":20},"end":{"line":26,"column":70}},{"start":{"line":27,"column":20},"end":{"line":27,"column":71}},{"start":{"line":28,"column":20},"end":{"line":28,"column":29}}]},"2":{"line":30,"type":"binary-expr","locations":[{"start":{"line":30,"column":23},"end":{"line":30,"column":37}},{"start":{"line":31,"column":20},"end":{"line":31,"column":61}},{"start":{"line":32,"column":20},"end":{"line":32,"column":70}},{"start":{"line":33,"column":20},"end":{"line":33,"column":26}}]},"3":{"line":37,"type":"cond-expr","locations":[{"start":{"line":38,"column":14},"end":{"line":38,"column":20}},{"start":{"line":39,"column":14},"end":{"line":39,"column":20}}]},"4":{"line":41,"type":"binary-expr","locations":[{"start":{"line":41,"column":16},"end":{"line":41,"column":44}},{"start":{"line":41,"column":48},"end":{"line":41,"column":53}}]},"5":{"line":45,"type":"if","locations":[{"start":{"line":45,"column":8},"end":{"line":45,"column":8}},{"start":{"line":45,"column":8},"end":{"line":45,"column":8}}]}},"code":["/* istanbul instrument in package npmtest_ipfs */","/*jslint","    bitwise: true,","    browser: true,","    maxerr: 8,","    maxlen: 96,","    node: true,","    nomen: true,","    regexp: true,","    stupid: true","*/","(function () {","    'use strict';","    var local;","","","","    // run shared js-env code - pre-init","    (function () {","        // init local","        local = {};","        // init modeJs","        local.modeJs = (function () {","            try {","                return typeof navigator.userAgent === 'string' &&","                    typeof document.querySelector('body') === 'object' &&","                    typeof XMLHttpRequest.prototype.open === 'function' &&","                    'browser';","            } catch (errorCaughtBrowser) {","                return module.exports &&","                    typeof process.versions.node === 'string' &&","                    typeof require('http').createServer === 'function' &&","                    'node';","            }","        }());","        // init global","        local.global = local.modeJs === 'browser'","            ? window","            : global;","        // init utility2_rollup","        local = local.global.utility2_rollup || local;","        // init lib","        local.local = local.npmtest_ipfs = local;","        // init exports","        if (local.modeJs === 'browser') {","            local.global.utility2_npmtest_ipfs = local;","        } else {","            module.exports = local;","            module.exports.__dirname = __dirname;","            module.exports.module = module;","        }","    }());","}());",""],"l":{"12":2,"14":2,"19":2,"21":2,"23":2,"24":2,"25":2,"30":1,"37":2,"41":2,"43":2,"45":2,"46":1,"48":1,"49":1,"50":1}},"/home/travis/build/npmtest/node-npmtest-ipfs/example.js":{"path":"/home/travis/build/npmtest/node-npmtest-ipfs/example.js","s":{"1":2,"2":2,"3":2,"4":2,"5":2,"6":2,"7":2,"8":1,"9":2,"10":2,"11":2,"12":2,"13":1,"14":2,"15":2,"16":2,"17":2,"18":2,"19":0,"20":2,"21":1,"22":1,"23":1,"24":1,"25":1,"26":0,"27":0,"28":1,"29":1,"30":2,"31":0,"32":0,"33":0,"34":1,"35":2,"36":2,"37":3,"38":3,"39":3,"40":3,"41":0,"42":3,"43":3,"44":3,"45":1,"46":3,"47":1,"48":1,"49":1,"50":1,"51":1,"52":1,"53":1,"54":1,"55":1,"56":1,"57":0,"58":1,"59":6,"60":6,"61":1,"62":2,"63":0,"64":2,"65":1,"66":1,"67":0,"68":0,"69":0,"70":0,"71":0,"72":0,"73":0,"74":0,"75":0,"76":0,"77":0,"78":0,"79":0,"80":0,"81":0,"82":0,"83":0},"b":{"1":[2,1,1,1],"2":[1,1,1,1],"3":[1,1],"4":[2,2],"5":[1,1],"6":[1,1],"7":[2,0],"8":[2,1,1,1,1,1],"9":[0,2,0],"10":[1,1],"11":[2,1,1],"12":[1,0],"13":[0,2],"14":[2,0,0,0,0,0,0],"15":[0,3],"16":[3,0],"17":[1,1],"18":[0,1],"19":[1,2,0,2],"20":[1,0],"21":[1,1],"22":[0,0],"23":[0,0],"24":[0,0],"25":[0,0],"26":[0,0],"27":[0,0],"28":[0,0]},"f":{"1":2,"2":2,"3":2,"4":2,"5":2,"6":2,"7":3,"8":3,"9":3,"10":1,"11":6,"12":0},"fnMap":{"1":{"name":"(anonymous_1)","line":26,"loc":{"start":{"line":26,"column":1},"end":{"line":26,"column":13}}},"2":{"name":"(anonymous_2)","line":33,"loc":{"start":{"line":33,"column":5},"end":{"line":33,"column":17}}},"3":{"name":"(anonymous_3)","line":37,"loc":{"start":{"line":37,"column":24},"end":{"line":37,"column":36}}},"4":{"name":"(anonymous_4)","line":69,"loc":{"start":{"line":69,"column":31},"end":{"line":69,"column":48}},"skip":true},"5":{"name":"(anonymous_5)","line":78,"loc":{"start":{"line":78,"column":26},"end":{"line":78,"column":45}},"skip":true},"6":{"name":"(anonymous_6)","line":123,"loc":{"start":{"line":123,"column":33},"end":{"line":123,"column":48}},"skip":true},"7":{"name":"(anonymous_7)","line":125,"loc":{"start":{"line":125,"column":27},"end":{"line":125,"column":39}},"skip":true},"8":{"name":"(anonymous_8)","line":133,"loc":{"start":{"line":133,"column":59},"end":{"line":133,"column":74}},"skip":true},"9":{"name":"(anonymous_9)","line":143,"loc":{"start":{"line":143,"column":45},"end":{"line":143,"column":62}},"skip":true},"10":{"name":"(anonymous_10)","line":144,"loc":{"start":{"line":144,"column":73},"end":{"line":144,"column":92}},"skip":true},"11":{"name":"(anonymous_11)","line":272,"loc":{"start":{"line":272,"column":51},"end":{"line":272,"column":77}},"skip":true},"12":{"name":"(anonymous_12)","line":315,"loc":{"start":{"line":315,"column":32},"end":{"line":315,"column":61}},"skip":true}},"statementMap":{"1":{"start":{"line":26,"column":0},"end":{"line":326,"column":5}},"2":{"start":{"line":28,"column":4},"end":{"line":28,"column":14}},"3":{"start":{"line":33,"column":4},"end":{"line":60,"column":9}},"4":{"start":{"line":35,"column":8},"end":{"line":35,"column":19}},"5":{"start":{"line":37,"column":8},"end":{"line":49,"column":13}},"6":{"start":{"line":38,"column":12},"end":{"line":48,"column":13}},"7":{"start":{"line":39,"column":16},"end":{"line":42,"column":30}},"8":{"start":{"line":44,"column":16},"end":{"line":47,"column":27}},"9":{"start":{"line":51,"column":8},"end":{"line":53,"column":21}},"10":{"start":{"line":55,"column":8},"end":{"line":57,"column":45}},"11":{"start":{"line":59,"column":8},"end":{"line":59,"column":35}},"12":{"start":{"line":61,"column":4},"end":{"line":325,"column":5}},"13":{"start":{"line":69,"column":8},"end":{"line":121,"column":10},"skip":true},"14":{"start":{"line":70,"column":12},"end":{"line":88,"column":13},"skip":true},"15":{"start":{"line":76,"column":16},"end":{"line":87,"column":19},"skip":true},"16":{"start":{"line":79,"column":20},"end":{"line":86,"column":21},"skip":true},"17":{"start":{"line":82,"column":24},"end":{"line":82,"column":43},"skip":true},"18":{"start":{"line":83,"column":24},"end":{"line":83,"column":30},"skip":true},"19":{"start":{"line":85,"column":24},"end":{"line":85,"column":49},"skip":true},"20":{"start":{"line":89,"column":12},"end":{"line":107,"column":13},"skip":true},"21":{"start":{"line":92,"column":16},"end":{"line":102,"column":17},"skip":true},"22":{"start":{"line":93,"column":20},"end":{"line":93,"column":86},"skip":true},"23":{"start":{"line":94,"column":20},"end":{"line":95,"column":45},"skip":true},"24":{"start":{"line":96,"column":20},"end":{"line":96,"column":42},"skip":true},"25":{"start":{"line":97,"column":20},"end":{"line":97,"column":48},"skip":true},"26":{"start":{"line":100,"column":20},"end":{"line":100,"column":85},"skip":true},"27":{"start":{"line":101,"column":20},"end":{"line":101,"column":96},"skip":true},"28":{"start":{"line":103,"column":16},"end":{"line":103,"column":22},"skip":true},"29":{"start":{"line":106,"column":16},"end":{"line":106,"column":22},"skip":true},"30":{"start":{"line":108,"column":12},"end":{"line":120,"column":13},"skip":true},"31":{"start":{"line":114,"column":16},"end":{"line":119,"column":17},"skip":true},"32":{"start":{"line":116,"column":20},"end":{"line":116,"column":78},"skip":true},"33":{"start":{"line":118,"column":20},"end":{"line":118,"column":47},"skip":true},"34":{"start":{"line":123,"column":8},"end":{"line":141,"column":11},"skip":true},"35":{"start":{"line":124,"column":12},"end":{"line":124,"column":54},"skip":true},"36":{"start":{"line":125,"column":12},"end":{"line":140,"column":14},"skip":true},"37":{"start":{"line":126,"column":16},"end":{"line":126,"column":28},"skip":true},"38":{"start":{"line":127,"column":16},"end":{"line":127,"column":69},"skip":true},"39":{"start":{"line":128,"column":16},"end":{"line":128,"column":75},"skip":true},"40":{"start":{"line":129,"column":16},"end":{"line":131,"column":17},"skip":true},"41":{"start":{"line":130,"column":20},"end":{"line":130,"column":27},"skip":true},"42":{"start":{"line":133,"column":16},"end":{"line":137,"column":36},"skip":true},"43":{"start":{"line":134,"column":20},"end":{"line":136,"column":55},"skip":true},"44":{"start":{"line":139,"column":16},"end":{"line":139,"column":57},"skip":true},"45":{"start":{"line":143,"column":8},"end":{"line":147,"column":11},"skip":true},"46":{"start":{"line":144,"column":12},"end":{"line":146,"column":15},"skip":true},"47":{"start":{"line":145,"column":16},"end":{"line":145,"column":70},"skip":true},"48":{"start":{"line":149,"column":8},"end":{"line":149,"column":31},"skip":true},"49":{"start":{"line":150,"column":8},"end":{"line":150,"column":14},"skip":true},"50":{"start":{"line":158,"column":8},"end":{"line":158,"column":31},"skip":true},"51":{"start":{"line":160,"column":8},"end":{"line":160,"column":33},"skip":true},"52":{"start":{"line":161,"column":8},"end":{"line":161,"column":37},"skip":true},"53":{"start":{"line":162,"column":8},"end":{"line":162,"column":35},"skip":true},"54":{"start":{"line":164,"column":8},"end":{"line":164,"column":50},"skip":true},"55":{"start":{"line":166,"column":8},"end":{"line":256,"column":2},"skip":true},"56":{"start":{"line":258,"column":8},"end":{"line":286,"column":9},"skip":true},"57":{"start":{"line":259,"column":12},"end":{"line":269,"column":14},"skip":true},"58":{"start":{"line":271,"column":12},"end":{"line":285,"column":19},"skip":true},"59":{"start":{"line":274,"column":20},"end":{"line":274,"column":35},"skip":true},"60":{"start":{"line":275,"column":20},"end":{"line":284,"column":21},"skip":true},"61":{"start":{"line":277,"column":24},"end":{"line":277,"column":64},"skip":true},"62":{"start":{"line":279,"column":24},"end":{"line":279,"column":40},"skip":true},"63":{"start":{"line":281,"column":24},"end":{"line":281,"column":40},"skip":true},"64":{"start":{"line":283,"column":24},"end":{"line":283,"column":39},"skip":true},"65":{"start":{"line":288,"column":8},"end":{"line":290,"column":9},"skip":true},"66":{"start":{"line":289,"column":12},"end":{"line":289,"column":18},"skip":true},"67":{"start":{"line":291,"column":8},"end":{"line":293,"column":54},"skip":true},"68":{"start":{"line":296,"column":8},"end":{"line":301,"column":37},"skip":true},"69":{"start":{"line":303,"column":8},"end":{"line":303,"column":82},"skip":true},"70":{"start":{"line":306,"column":8},"end":{"line":308,"column":9},"skip":true},"71":{"start":{"line":307,"column":12},"end":{"line":307,"column":82},"skip":true},"72":{"start":{"line":310,"column":8},"end":{"line":312,"column":9},"skip":true},"73":{"start":{"line":311,"column":12},"end":{"line":311,"column":18},"skip":true},"74":{"start":{"line":313,"column":8},"end":{"line":313,"column":54},"skip":true},"75":{"start":{"line":314,"column":8},"end":{"line":314,"column":69},"skip":true},"76":{"start":{"line":315,"column":8},"end":{"line":323,"column":36},"skip":true},"77":{"start":{"line":316,"column":12},"end":{"line":316,"column":61},"skip":true},"78":{"start":{"line":317,"column":12},"end":{"line":320,"column":13},"skip":true},"79":{"start":{"line":318,"column":16},"end":{"line":318,"column":75},"skip":true},"80":{"start":{"line":319,"column":16},"end":{"line":319,"column":23},"skip":true},"81":{"start":{"line":321,"column":12},"end":{"line":321,"column":38},"skip":true},"82":{"start":{"line":322,"column":12},"end":{"line":322,"column":27},"skip":true},"83":{"start":{"line":324,"column":8},"end":{"line":324,"column":14},"skip":true}},"branchMap":{"1":{"line":39,"type":"binary-expr","locations":[{"start":{"line":39,"column":23},"end":{"line":39,"column":62}},{"start":{"line":40,"column":20},"end":{"line":40,"column":70}},{"start":{"line":41,"column":20},"end":{"line":41,"column":71}},{"start":{"line":42,"column":20},"end":{"line":42,"column":29}}]},"2":{"line":44,"type":"binary-expr","locations":[{"start":{"line":44,"column":23},"end":{"line":44,"column":37}},{"start":{"line":45,"column":20},"end":{"line":45,"column":61}},{"start":{"line":46,"column":20},"end":{"line":46,"column":70}},{"start":{"line":47,"column":20},"end":{"line":47,"column":26}}]},"3":{"line":51,"type":"cond-expr","locations":[{"start":{"line":52,"column":14},"end":{"line":52,"column":20}},{"start":{"line":53,"column":14},"end":{"line":53,"column":20}}]},"4":{"line":55,"type":"binary-expr","locations":[{"start":{"line":55,"column":16},"end":{"line":55,"column":44}},{"start":{"line":55,"column":49},"end":{"line":57,"column":43}}]},"5":{"line":55,"type":"cond-expr","locations":[{"start":{"line":56,"column":14},"end":{"line":56,"column":48}},{"start":{"line":57,"column":14},"end":{"line":57,"column":43}}]},"6":{"line":61,"type":"switch","locations":[{"start":{"line":68,"column":4},"end":{"line":150,"column":14},"skip":true},{"start":{"line":156,"column":4},"end":{"line":324,"column":14},"skip":true}]},"7":{"line":70,"type":"if","locations":[{"start":{"line":70,"column":12},"end":{"line":70,"column":12},"skip":true},{"start":{"line":70,"column":12},"end":{"line":70,"column":12},"skip":true}]},"8":{"line":70,"type":"binary-expr","locations":[{"start":{"line":70,"column":16},"end":{"line":70,"column":22},"skip":true},{"start":{"line":70,"column":27},"end":{"line":70,"column":32},"skip":true},{"start":{"line":71,"column":20},"end":{"line":71,"column":39},"skip":true},{"start":{"line":72,"column":20},"end":{"line":72,"column":49},"skip":true},{"start":{"line":73,"column":20},"end":{"line":73,"column":58},"skip":true},{"start":{"line":74,"column":20},"end":{"line":74,"column":69},"skip":true}]},"9":{"line":79,"type":"switch","locations":[{"start":{"line":80,"column":20},"end":{"line":80,"column":33},"skip":true},{"start":{"line":81,"column":20},"end":{"line":83,"column":30},"skip":true},{"start":{"line":84,"column":20},"end":{"line":85,"column":49},"skip":true}]},"10":{"line":89,"type":"switch","locations":[{"start":{"line":90,"column":12},"end":{"line":103,"column":22},"skip":true},{"start":{"line":105,"column":12},"end":{"line":106,"column":22},"skip":true}]},"11":{"line":89,"type":"binary-expr","locations":[{"start":{"line":89,"column":20},"end":{"line":89,"column":25},"skip":true},{"start":{"line":89,"column":29},"end":{"line":89,"column":48},"skip":true},{"start":{"line":89,"column":52},"end":{"line":89,"column":74},"skip":true}]},"12":{"line":92,"type":"if","locations":[{"start":{"line":92,"column":16},"end":{"line":92,"column":16},"skip":true},{"start":{"line":92,"column":16},"end":{"line":92,"column":16},"skip":true}]},"13":{"line":108,"type":"if","locations":[{"start":{"line":108,"column":12},"end":{"line":108,"column":12},"skip":true},{"start":{"line":108,"column":12},"end":{"line":108,"column":12},"skip":true}]},"14":{"line":108,"type":"binary-expr","locations":[{"start":{"line":108,"column":16},"end":{"line":108,"column":61},"skip":true},{"start":{"line":108,"column":66},"end":{"line":108,"column":72},"skip":true},{"start":{"line":108,"column":77},"end":{"line":108,"column":82},"skip":true},{"start":{"line":109,"column":20},"end":{"line":109,"column":39},"skip":true},{"start":{"line":110,"column":20},"end":{"line":110,"column":49},"skip":true},{"start":{"line":111,"column":20},"end":{"line":111,"column":58},"skip":true},{"start":{"line":112,"column":20},"end":{"line":112,"column":68},"skip":true}]},"15":{"line":129,"type":"if","locations":[{"start":{"line":129,"column":16},"end":{"line":129,"column":16},"skip":true},{"start":{"line":129,"column":16},"end":{"line":129,"column":16},"skip":true}]},"16":{"line":134,"type":"cond-expr","locations":[{"start":{"line":135,"column":26},"end":{"line":135,"column":29},"skip":true},{"start":{"line":136,"column":26},"end":{"line":136,"column":54},"skip":true}]},"17":{"line":164,"type":"binary-expr","locations":[{"start":{"line":164,"column":27},"end":{"line":164,"column":43},"skip":true},{"start":{"line":164,"column":47},"end":{"line":164,"column":49},"skip":true}]},"18":{"line":258,"type":"if","locations":[{"start":{"line":258,"column":8},"end":{"line":258,"column":8},"skip":true},{"start":{"line":258,"column":8},"end":{"line":258,"column":8},"skip":true}]},"19":{"line":275,"type":"switch","locations":[{"start":{"line":276,"column":20},"end":{"line":277,"column":64},"skip":true},{"start":{"line":278,"column":20},"end":{"line":279,"column":40},"skip":true},{"start":{"line":280,"column":20},"end":{"line":281,"column":40},"skip":true},{"start":{"line":282,"column":20},"end":{"line":283,"column":39},"skip":true}]},"20":{"line":288,"type":"if","locations":[{"start":{"line":288,"column":8},"end":{"line":288,"column":8},"skip":true},{"start":{"line":288,"column":8},"end":{"line":288,"column":8},"skip":true}]},"21":{"line":288,"type":"binary-expr","locations":[{"start":{"line":288,"column":12},"end":{"line":288,"column":40},"skip":true},{"start":{"line":288,"column":44},"end":{"line":288,"column":67},"skip":true}]},"22":{"line":292,"type":"binary-expr","locations":[{"start":{"line":292,"column":12},"end":{"line":292,"column":50},"skip":true},{"start":{"line":293,"column":12},"end":{"line":293,"column":53},"skip":true}]},"23":{"line":297,"type":"binary-expr","locations":[{"start":{"line":297,"column":12},"end":{"line":297,"column":62},"skip":true},{"start":{"line":298,"column":12},"end":{"line":301,"column":36},"skip":true}]},"24":{"line":303,"type":"binary-expr","locations":[{"start":{"line":303,"column":43},"end":{"line":303,"column":75},"skip":true},{"start":{"line":303,"column":79},"end":{"line":303,"column":81},"skip":true}]},"25":{"line":306,"type":"if","locations":[{"start":{"line":306,"column":8},"end":{"line":306,"column":8},"skip":true},{"start":{"line":306,"column":8},"end":{"line":306,"column":8},"skip":true}]},"26":{"line":310,"type":"if","locations":[{"start":{"line":310,"column":8},"end":{"line":310,"column":8},"skip":true},{"start":{"line":310,"column":8},"end":{"line":310,"column":8},"skip":true}]},"27":{"line":313,"type":"binary-expr","locations":[{"start":{"line":313,"column":27},"end":{"line":313,"column":43},"skip":true},{"start":{"line":313,"column":47},"end":{"line":313,"column":53},"skip":true}]},"28":{"line":317,"type":"if","locations":[{"start":{"line":317,"column":12},"end":{"line":317,"column":12},"skip":true},{"start":{"line":317,"column":12},"end":{"line":317,"column":12},"skip":true}]}},"code":["/*","example.js","","quickstart example","","instruction","    1. save this script as example.js","    2. run the shell command:","        $ npm install npmtest-ipfs && PORT=8081 node example.js","    3. play with the browser-demo on http://127.0.0.1:8081","*/","","","","/* istanbul instrument in package npmtest_ipfs */","/*jslint","    bitwise: true,","    browser: true,","    maxerr: 8,","    maxlen: 96,","    node: true,","    nomen: true,","    regexp: true,","    stupid: true","*/","(function () {","    'use strict';","    var local;","","","","    // run shared js-env code - pre-init","    (function () {","        // init local","        local = {};","        // init modeJs","        local.modeJs = (function () {","            try {","                return typeof navigator.userAgent === 'string' &&","                    typeof document.querySelector('body') === 'object' &&","                    typeof XMLHttpRequest.prototype.open === 'function' &&","                    'browser';","            } catch (errorCaughtBrowser) {","                return module.exports &&","                    typeof process.versions.node === 'string' &&","                    typeof require('http').createServer === 'function' &&","                    'node';","            }","        }());","        // init global","        local.global = local.modeJs === 'browser'","            ? window","            : global;","        // init utility2_rollup","        local = local.global.utility2_rollup || (local.modeJs === 'browser'","            ? local.global.utility2_npmtest_ipfs","            : global.utility2_moduleExports);","        // export local","        local.global.local = local;","    }());","    switch (local.modeJs) {","","","","    // post-init","    // run browser js-env code - post-init","    /* istanbul ignore next */","    case 'browser':","        local.testRunBrowser = function (event) {","            if (!event || (event &&","                    event.currentTarget &&","                    event.currentTarget.className &&","                    event.currentTarget.className.includes &&","                    event.currentTarget.className.includes('onreset'))) {","                // reset output","                Array.from(","                    document.querySelectorAll('body > .resettable')","                ).forEach(function (element) {","                    switch (element.tagName) {","                    case 'INPUT':","                    case 'TEXTAREA':","                        element.value = '';","                        break;","                    default:","                        element.textContent = '';","                    }","                });","            }","            switch (event && event.currentTarget && event.currentTarget.id) {","            case 'testRunButton1':","                // show tests","                if (document.querySelector('#testReportDiv1').style.display === 'none') {","                    document.querySelector('#testReportDiv1').style.display = 'block';","                    document.querySelector('#testRunButton1').textContent =","                        'hide internal test';","                    local.modeTest = true;","                    local.testRunDefault(local);","                // hide tests","                } else {","                    document.querySelector('#testReportDiv1').style.display = 'none';","                    document.querySelector('#testRunButton1').textContent = 'run internal test';","                }","                break;","            // custom-case","            default:","                break;","            }","            if (document.querySelector('#inputTextareaEval1') && (!event || (event &&","                    event.currentTarget &&","                    event.currentTarget.className &&","                    event.currentTarget.className.includes &&","                    event.currentTarget.className.includes('oneval')))) {","                // try to eval input-code","                try {","                    /*jslint evil: true*/","                    eval(document.querySelector('#inputTextareaEval1').value);","                } catch (errorCaught) {","                    console.error(errorCaught);","                }","            }","        };","        // log stderr and stdout to #outputTextareaStdout1","        ['error', 'log'].forEach(function (key) {","            console[key + '_original'] = console[key];","            console[key] = function () {","                var element;","                console[key + '_original'].apply(console, arguments);","                element = document.querySelector('#outputTextareaStdout1');","                if (!element) {","                    return;","                }","                // append text to #outputTextareaStdout1","                element.value += Array.from(arguments).map(function (arg) {","                    return typeof arg === 'string'","                        ? arg","                        : JSON.stringify(arg, null, 4);","                }).join(' ') + '\\n';","                // scroll textarea to bottom","                element.scrollTop = element.scrollHeight;","            };","        });","        // init event-handling","        ['change', 'click', 'keyup'].forEach(function (event) {","            Array.from(document.querySelectorAll('.on' + event)).forEach(function (element) {","                element.addEventListener(event, local.testRunBrowser);","            });","        });","        // run tests","        local.testRunBrowser();","        break;","","","","    // run node js-env code - post-init","    /* istanbul ignore next */","    case 'node':","        // export local","        module.exports = local;","        // require modules","        local.fs = require('fs');","        local.http = require('http');","        local.url = require('url');","        // init assets","        local.assetsDict = local.assetsDict || {};","        /* jslint-ignore-begin */","        local.assetsDict['/assets.index.template.html'] = '\\","<!doctype html>\\n\\","<html lang=\"en\">\\n\\","<head>\\n\\","<meta charset=\"UTF-8\">\\n\\","<meta name=\"viewport\" content=\"width=device-width, initial-scale=1\">\\n\\","<title>{{env.npm_package_name}} (v{{env.npm_package_version}})</title>\\n\\","<style>\\n\\","/*csslint\\n\\","    box-sizing: false,\\n\\","    universal-selector: false\\n\\","*/\\n\\","* {\\n\\","    box-sizing: border-box;\\n\\","}\\n\\","body {\\n\\","    background: #dde;\\n\\","    font-family: Arial, Helvetica, sans-serif;\\n\\","    margin: 2rem;\\n\\","}\\n\\","body > * {\\n\\","    margin-bottom: 1rem;\\n\\","}\\n\\",".utility2FooterDiv {\\n\\","    margin-top: 20px;\\n\\","    text-align: center;\\n\\","}\\n\\","</style>\\n\\","<style>\\n\\","/*csslint\\n\\","*/\\n\\","textarea {\\n\\","    font-family: monospace;\\n\\","    height: 10rem;\\n\\","    width: 100%;\\n\\","}\\n\\","textarea[readonly] {\\n\\","    background: #ddd;\\n\\","}\\n\\","</style>\\n\\","</head>\\n\\","<body>\\n\\","<!-- utility2-comment\\n\\","<div id=\"ajaxProgressDiv1\" style=\"background: #d00; height: 2px; left: 0; margin: 0; padding: 0; position: fixed; top: 0; transition: background 0.5s, width 1.5s; width: 25%;\"></div>\\n\\","utility2-comment -->\\n\\","<h1>\\n\\","<!-- utility2-comment\\n\\","    <a\\n\\","        {{#if env.npm_package_homepage}}\\n\\","        href=\"{{env.npm_package_homepage}}\"\\n\\","        {{/if env.npm_package_homepage}}\\n\\","        target=\"_blank\"\\n\\","    >\\n\\","utility2-comment -->\\n\\","        {{env.npm_package_name}} (v{{env.npm_package_version}})\\n\\","<!-- utility2-comment\\n\\","    </a>\\n\\","utility2-comment -->\\n\\","</h1>\\n\\","<h3>{{env.npm_package_description}}</h3>\\n\\","<!-- utility2-comment\\n\\","<h4><a download href=\"assets.app.js\">download standalone app</a></h4>\\n\\","<button class=\"onclick onreset\" id=\"testRunButton1\">run internal test</button><br>\\n\\","<div id=\"testReportDiv1\" style=\"display: none;\"></div>\\n\\","utility2-comment -->\\n\\","\\n\\","\\n\\","\\n\\","<label>stderr and stdout</label>\\n\\","<textarea class=\"resettable\" id=\"outputTextareaStdout1\" readonly></textarea>\\n\\","<!-- utility2-comment\\n\\","{{#if isRollup}}\\n\\","<script src=\"assets.app.js\"></script>\\n\\","{{#unless isRollup}}\\n\\","utility2-comment -->\\n\\","<script src=\"assets.utility2.rollup.js\"></script>\\n\\","<script src=\"jsonp.utility2._stateInit?callback=window.utility2._stateInit\"></script>\\n\\","<script src=\"assets.npmtest_ipfs.rollup.js\"></script>\\n\\","<script src=\"assets.example.js\"></script>\\n\\","<script src=\"assets.test.js\"></script>\\n\\","<!-- utility2-comment\\n\\","{{/if isRollup}}\\n\\","utility2-comment -->\\n\\","<div class=\"utility2FooterDiv\">\\n\\","    [ this app was created with\\n\\","    <a href=\"https://github.com/kaizhu256/node-utility2\" target=\"_blank\">utility2</a>\\n\\","    ]\\n\\","</div>\\n\\","</body>\\n\\","</html>\\n\\","';","        /* jslint-ignore-end */","        if (local.templateRender) {","            local.assetsDict['/'] = local.templateRender(","                local.assetsDict['/assets.index.template.html'],","                {","                    env: local.objectSetDefault(local.env, {","                        npm_package_description: 'the greatest app in the world!',","                        npm_package_name: 'my-app',","                        npm_package_nameAlias: 'my_app',","                        npm_package_version: '0.0.1'","                    })","                }","            );","        } else {","            local.assetsDict['/'] = local.assetsDict['/assets.index.template.html']","                .replace((/\\{\\{env\\.(\\w+?)\\}\\}/g), function (match0, match1) {","                    // jslint-hack","                    String(match0);","                    switch (match1) {","                    case 'npm_package_description':","                        return 'the greatest app in the world!';","                    case 'npm_package_name':","                        return 'my-app';","                    case 'npm_package_nameAlias':","                        return 'my_app';","                    case 'npm_package_version':","                        return '0.0.1';","                    }","                });","        }","        // run the cli","        if (local.global.utility2_rollup || module !== require.main) {","            break;","        }","        local.assetsDict['/assets.example.js'] =","            local.assetsDict['/assets.example.js'] ||","            local.fs.readFileSync(__filename, 'utf8');","        // bug-workaround - long $npm_package_buildCustomOrg","        /* jslint-ignore-begin */","        local.assetsDict['/assets.npmtest_ipfs.rollup.js'] =","            local.assetsDict['/assets.npmtest_ipfs.rollup.js'] ||","            local.fs.readFileSync(","                local.npmtest_ipfs.__dirname + '/lib.npmtest_ipfs.js',","                'utf8'","            ).replace((/^#!/), '//');","        /* jslint-ignore-end */","        local.assetsDict['/favicon.ico'] = local.assetsDict['/favicon.ico'] || '';","        // if $npm_config_timeout_exit exists,","        // then exit this process after $npm_config_timeout_exit ms","        if (Number(process.env.npm_config_timeout_exit)) {","            setTimeout(process.exit, Number(process.env.npm_config_timeout_exit));","        }","        // start server","        if (local.global.utility2_serverHttp1) {","            break;","        }","        process.env.PORT = process.env.PORT || '8081';","        console.error('server starting on port ' + process.env.PORT);","        local.http.createServer(function (request, response) {","            request.urlParsed = local.url.parse(request.url);","            if (local.assetsDict[request.urlParsed.pathname] !== undefined) {","                response.end(local.assetsDict[request.urlParsed.pathname]);","                return;","            }","            response.statusCode = 404;","            response.end();","        }).listen(process.env.PORT);","        break;","    }","}());",""],"l":{"26":2,"28":2,"33":2,"35":2,"37":2,"38":2,"39":2,"44":1,"51":2,"55":2,"59":2,"61":2,"69":1,"70":2,"76":2,"79":2,"82":2,"83":2,"85":1,"89":2,"92":1,"93":1,"94":1,"96":1,"97":1,"100":1,"101":1,"103":1,"106":1,"108":2,"114":1,"116":1,"118":1,"123":1,"124":2,"125":2,"126":3,"127":3,"128":3,"129":3,"130":1,"133":3,"134":3,"139":3,"143":1,"144":3,"145":1,"149":1,"150":1,"158":1,"160":1,"161":1,"162":1,"164":1,"166":1,"258":1,"259":1,"271":1,"274":6,"275":6,"277":1,"279":2,"281":1,"283":2,"288":1,"289":1,"291":1,"296":1,"303":1,"306":1,"307":1,"310":1,"311":1,"313":1,"314":1,"315":1,"316":1,"317":1,"318":1,"319":1,"321":1,"322":1,"324":1}},"/home/travis/build/npmtest/node-npmtest-ipfs/node_modules/ipfs/src/core/index.js":{"path":"/home/travis/build/npmtest/node-npmtest-ipfs/node_modules/ipfs/src/core/index.js","s":{"1":1,"2":1,"3":1,"4":1,"5":1,"6":1,"7":1,"8":1,"9":1,"10":1,"11":1,"12":1,"13":1,"14":1,"15":0,"16":0,"17":0,"18":0,"19":0,"20":0,"21":0,"22":0,"23":0,"24":0,"25":0,"26":0,"27":0,"28":0,"29":0,"30":0,"31":0,"32":0,"33":0,"34":0,"35":0,"36":0,"37":0,"38":0,"39":0,"40":0,"41":0,"42":0,"43":0,"44":0,"45":0,"46":0,"47":0,"48":0,"49":0,"50":0,"51":0,"52":0,"53":0,"54":0,"55":0,"56":0,"57":0,"58":0,"59":0,"60":0,"61":1,"62":1,"63":0},"b":{"1":[0,0],"2":[0,0],"3":[0,0],"4":[0,0],"5":[0,0],"6":[0,0]},"f":{"1":0},"fnMap":{"1":{"name":"(anonymous_1)","line":20,"loc":{"start":{"line":20,"column":14},"end":{"line":20,"column":24}}}},"statementMap":{"1":{"start":{"line":3,"column":0},"end":{"line":3,"column":50}},"2":{"start":{"line":4,"column":0},"end":{"line":4,"column":45}},"3":{"start":{"line":5,"column":0},"end":{"line":5,"column":33}},"4":{"start":{"line":6,"column":0},"end":{"line":6,"column":37}},"5":{"start":{"line":7,"column":0},"end":{"line":7,"column":38}},"6":{"start":{"line":8,"column":0},"end":{"line":8,"column":40}},"7":{"start":{"line":9,"column":0},"end":{"line":9,"column":37}},"8":{"start":{"line":10,"column":0},"end":{"line":10,"column":27}},"9":{"start":{"line":11,"column":0},"end":{"line":11,"column":30}},"10":{"start":{"line":12,"column":0},"end":{"line":12,"column":37}},"11":{"start":{"line":13,"column":0},"end":{"line":13,"column":38}},"12":{"start":{"line":15,"column":0},"end":{"line":15,"column":45}},"13":{"start":{"line":16,"column":0},"end":{"line":16,"column":30}},"14":{"start":{"line":17,"column":0},"end":{"line":17,"column":42}},"15":{"start":{"line":21,"column":4},"end":{"line":21,"column":11}},"16":{"start":{"line":23,"column":4},"end":{"line":27,"column":5}},"17":{"start":{"line":29,"column":4},"end":{"line":29,"column":27}},"18":{"start":{"line":31,"column":4},"end":{"line":31,"column":34}},"19":{"start":{"line":33,"column":4},"end":{"line":35,"column":5}},"20":{"start":{"line":34,"column":6},"end":{"line":34,"column":32}},"21":{"start":{"line":37,"column":4},"end":{"line":39,"column":5}},"22":{"start":{"line":38,"column":6},"end":{"line":38,"column":32}},"23":{"start":{"line":41,"column":4},"end":{"line":46,"column":5}},"24":{"start":{"line":43,"column":6},"end":{"line":43,"column":44}},"25":{"start":{"line":45,"column":6},"end":{"line":45,"column":31}},"26":{"start":{"line":49,"column":4},"end":{"line":49,"column":30}},"27":{"start":{"line":50,"column":4},"end":{"line":50,"column":38}},"28":{"start":{"line":52,"column":4},"end":{"line":52,"column":44}},"29":{"start":{"line":52,"column":30},"end":{"line":52,"column":43}},"30":{"start":{"line":55,"column":4},"end":{"line":62,"column":5}},"31":{"start":{"line":66,"column":4},"end":{"line":66,"column":39}},"32":{"start":{"line":67,"column":4},"end":{"line":67,"column":30}},"33":{"start":{"line":68,"column":4},"end":{"line":68,"column":32}},"34":{"start":{"line":69,"column":4},"end":{"line":69,"column":29}},"35":{"start":{"line":70,"column":4},"end":{"line":70,"column":53}},"36":{"start":{"line":71,"column":4},"end":{"line":71,"column":61}},"37":{"start":{"line":72,"column":4},"end":{"line":72,"column":28}},"38":{"start":{"line":76,"column":4},"end":{"line":76,"column":37}},"39":{"start":{"line":77,"column":4},"end":{"line":77,"column":45}},"40":{"start":{"line":78,"column":4},"end":{"line":78,"column":39}},"41":{"start":{"line":79,"column":4},"end":{"line":79,"column":37}},"42":{"start":{"line":80,"column":4},"end":{"line":80,"column":45}},"43":{"start":{"line":82,"column":4},"end":{"line":82,"column":43}},"44":{"start":{"line":83,"column":4},"end":{"line":83,"column":33}},"45":{"start":{"line":84,"column":4},"end":{"line":84,"column":37}},"46":{"start":{"line":85,"column":4},"end":{"line":85,"column":47}},"47":{"start":{"line":86,"column":4},"end":{"line":86,"column":41}},"48":{"start":{"line":87,"column":4},"end":{"line":87,"column":39}},"49":{"start":{"line":88,"column":4},"end":{"line":88,"column":41}},"50":{"start":{"line":89,"column":4},"end":{"line":89,"column":35}},"51":{"start":{"line":90,"column":4},"end":{"line":90,"column":41}},"52":{"start":{"line":91,"column":4},"end":{"line":91,"column":39}},"53":{"start":{"line":92,"column":4},"end":{"line":92,"column":39}},"54":{"start":{"line":93,"column":4},"end":{"line":93,"column":43}},"55":{"start":{"line":94,"column":4},"end":{"line":94,"column":37}},"56":{"start":{"line":95,"column":4},"end":{"line":95,"column":41}},"57":{"start":{"line":97,"column":4},"end":{"line":99,"column":5}},"58":{"start":{"line":98,"column":6},"end":{"line":98,"column":48}},"59":{"start":{"line":100,"column":4},"end":{"line":100,"column":41}},"60":{"start":{"line":102,"column":4},"end":{"line":102,"column":14}},"61":{"start":{"line":106,"column":0},"end":{"line":106,"column":31}},"62":{"start":{"line":108,"column":0},"end":{"line":110,"column":1}},"63":{"start":{"line":109,"column":2},"end":{"line":109,"column":26}}},"branchMap":{"1":{"line":29,"type":"binary-expr","locations":[{"start":{"line":29,"column":14},"end":{"line":29,"column":21}},{"start":{"line":29,"column":25},"end":{"line":29,"column":27}}]},"2":{"line":33,"type":"if","locations":[{"start":{"line":33,"column":4},"end":{"line":33,"column":4}},{"start":{"line":33,"column":4},"end":{"line":33,"column":4}}]},"3":{"line":37,"type":"if","locations":[{"start":{"line":37,"column":4},"end":{"line":37,"column":4}},{"start":{"line":37,"column":4},"end":{"line":37,"column":4}}]},"4":{"line":41,"type":"if","locations":[{"start":{"line":41,"column":4},"end":{"line":41,"column":4}},{"start":{"line":41,"column":4},"end":{"line":41,"column":4}}]},"5":{"line":41,"type":"binary-expr","locations":[{"start":{"line":41,"column":8},"end":{"line":41,"column":40}},{"start":{"line":42,"column":8},"end":{"line":42,"column":34}}]},"6":{"line":97,"type":"if","locations":[{"start":{"line":97,"column":4},"end":{"line":97,"column":4}},{"start":{"line":97,"column":4},"end":{"line":97,"column":4}}]}},"code":["'use strict'","","const BlockService = require('ipfs-block-service')","const IPLDResolver = require('ipld-resolver')","const PeerId = require('peer-id')","const PeerInfo = require('peer-info')","const multiaddr = require('multiaddr')","const multihash = require('multihashes')","const PeerBook = require('peer-book')","const CID = require('cids')","const debug = require('debug')","const extend = require('deep-extend')","const EventEmitter = require('events')","","const defaultRepo = require('./default-repo')","const boot = require('./boot')","const components = require('./components')","","class IPFS extends EventEmitter {","  constructor (options) {","    super()","","    this._options = {","      init: true,","      start: true,","      EXPERIMENTAL: {}","    }","","    options = options || {}","","    extend(this._options, options)","","    if (options.init === false) {","      this._options.init = false","    }","","    if (!(options.start === false)) {","      this._options.start = true","    }","","    if (typeof options.repo === 'string' ||","        options.repo === undefined) {","      this._repo = defaultRepo(options.repo)","    } else {","      this._repo = options.repo","    }","","    // IPFS utils","    this.log = debug('jsipfs')","    this.log.err = debug('jsipfs:err')","","    this.on('error', (err) => this.log(err))","","    // IPFS types","    this.types = {","      Buffer: Buffer,","      PeerId: PeerId,","      PeerInfo: PeerInfo,","      multiaddr: multiaddr,","      multihash: multihash,","      CID: CID","    }","","    // IPFS Core Internals","    // this._repo - assigned above","    this._peerInfoBook = new PeerBook()","    this._peerInfo = undefined","    this._libp2pNode = undefined","    this._bitswap = undefined","    this._blockService = new BlockService(this._repo)","    this._ipldResolver = new IPLDResolver(this._blockService)","    this._pubsub = undefined","","    // IPFS Core exposed components","    //   - for booting up a node","    this.init = components.init(this)","    this.preStart = components.preStart(this)","    this.start = components.start(this)","    this.stop = components.stop(this)","    this.isOnline = components.isOnline(this)","    //   - interface-ipfs-core defined API","    this.version = components.version(this)","    this.id = components.id(this)","    this.repo = components.repo(this)","    this.bootstrap = components.bootstrap(this)","    this.config = components.config(this)","    this.block = components.block(this)","    this.object = components.object(this)","    this.dag = components.dag(this)","    this.libp2p = components.libp2p(this)","    this.swarm = components.swarm(this)","    this.files = components.files(this)","    this.bitswap = components.bitswap(this)","    this.ping = components.ping(this)","    this.pubsub = components.pubsub(this)","","    if (this._options.EXPERIMENTAL.pubsub) {","      this.log('EXPERIMENTAL pubsub is enabled')","    }","    this.state = require('./state')(this)","","    boot(this)","  }","}","","exports = module.exports = IPFS","","exports.createNode = (options) => {","  return new IPFS(options)","}",""],"l":{"3":1,"4":1,"5":1,"6":1,"7":1,"8":1,"9":1,"10":1,"11":1,"12":1,"13":1,"15":1,"16":1,"17":1,"21":0,"23":0,"29":0,"31":0,"33":0,"34":0,"37":0,"38":0,"41":0,"43":0,"45":0,"49":0,"50":0,"52":0,"55":0,"66":0,"67":0,"68":0,"69":0,"70":0,"71":0,"72":0,"76":0,"77":0,"78":0,"79":0,"80":0,"82":0,"83":0,"84":0,"85":0,"86":0,"87":0,"88":0,"89":0,"90":0,"91":0,"92":0,"93":0,"94":0,"95":0,"97":0,"98":0,"100":0,"102":0,"106":1,"108":1,"109":0}},"/home/travis/build/npmtest/node-npmtest-ipfs/node_modules/ipfs-block-service/src/index.js":{"path":"/home/travis/build/npmtest/node-npmtest-ipfs/node_modules/ipfs-block-service/src/index.js","s":{"1":0,"2":0,"3":0,"4":0,"5":0,"6":0,"7":0,"8":0,"9":0,"10":0,"11":0,"12":0,"13":0,"14":0,"15":0,"16":1},"b":{"1":[0,0],"2":[0,0],"3":[0,0]},"f":{"1":0,"2":0,"3":0,"4":0,"5":0,"6":0,"7":0,"8":0},"fnMap":{"1":{"name":"(anonymous_1)","line":15,"loc":{"start":{"line":15,"column":14},"end":{"line":15,"column":25}}},"2":{"name":"(anonymous_2)","line":30,"loc":{"start":{"line":30,"column":11},"end":{"line":30,"column":21}}},"3":{"name":"(anonymous_3)","line":39,"loc":{"start":{"line":39,"column":12},"end":{"line":39,"column":15}}},"4":{"name":"(anonymous_4)","line":48,"loc":{"start":{"line":48,"column":11},"end":{"line":48,"column":14}}},"5":{"name":"(anonymous_5)","line":59,"loc":{"start":{"line":59,"column":6},"end":{"line":59,"column":24}}},"6":{"name":"(anonymous_6)","line":74,"loc":{"start":{"line":74,"column":10},"end":{"line":74,"column":29}}},"7":{"name":"(anonymous_7)","line":89,"loc":{"start":{"line":89,"column":6},"end":{"line":89,"column":22}}},"8":{"name":"(anonymous_8)","line":104,"loc":{"start":{"line":104,"column":9},"end":{"line":104,"column":25}}}},"statementMap":{"1":{"start":{"line":16,"column":4},"end":{"line":16,"column":25}},"2":{"start":{"line":17,"column":4},"end":{"line":17,"column":24}},"3":{"start":{"line":31,"column":4},"end":{"line":31,"column":27}},"4":{"start":{"line":40,"column":4},"end":{"line":40,"column":24}},"5":{"start":{"line":49,"column":4},"end":{"line":49,"column":32}},"6":{"start":{"line":60,"column":4},"end":{"line":62,"column":5}},"7":{"start":{"line":61,"column":6},"end":{"line":61,"column":47}},"8":{"start":{"line":64,"column":4},"end":{"line":64,"column":46}},"9":{"start":{"line":75,"column":4},"end":{"line":77,"column":5}},"10":{"start":{"line":76,"column":6},"end":{"line":76,"column":52}},"11":{"start":{"line":79,"column":4},"end":{"line":79,"column":51}},"12":{"start":{"line":90,"column":4},"end":{"line":92,"column":5}},"13":{"start":{"line":91,"column":6},"end":{"line":91,"column":45}},"14":{"start":{"line":94,"column":4},"end":{"line":94,"column":51}},"15":{"start":{"line":105,"column":4},"end":{"line":105,"column":47}},"16":{"start":{"line":109,"column":0},"end":{"line":109,"column":29}}},"branchMap":{"1":{"line":60,"type":"if","locations":[{"start":{"line":60,"column":4},"end":{"line":60,"column":4}},{"start":{"line":60,"column":4},"end":{"line":60,"column":4}}]},"2":{"line":75,"type":"if","locations":[{"start":{"line":75,"column":4},"end":{"line":75,"column":4}},{"start":{"line":75,"column":4},"end":{"line":75,"column":4}}]},"3":{"line":90,"type":"if","locations":[{"start":{"line":90,"column":4},"end":{"line":90,"column":4}},{"start":{"line":90,"column":4},"end":{"line":90,"column":4}}]}},"code":["'use strict'","","/**"," * BlockService is a hybrid block datastore. It stores data in a local"," * datastore and may retrieve data from a remote Exchange."," * It uses an internal `datastore.Datastore` instance to store values."," */","class BlockService {","  /**","   * Create a new BlockService","   *","   * @param {IPFSRepo} ipfsRepo","   * @returns {BlockService}","   */","  constructor (ipfsRepo) {","    this._repo = ipfsRepo","    this._bitswap = null","  }","","  /**","   * Add a bitswap instance that communicates with the","   * network to retreive blocks that are not in the local store.","   *","   * If the node is online all requests for blocks first","   * check locally and afterwards ask the network for the blocks.","   *","   * @param {Bitswap} bitswap","   * @returns {void}","   */","  goOnline (bitswap) {","    this._bitswap = bitswap","  }","","  /**","   * Go offline, i.e. drop the reference to bitswap.","   *","   * @returns {void}","   */","  goOffline () {","    this._bitswap = null","  }","","  /**","   * Is the blockservice online, i.e. is bitswap present.","   *","   * @returns {bool}","   */","  isOnline () {","    return this._bitswap != null","  }","","  /**","   * Put a block to the underlying datastore.","   *","   * @param {Block} block","   * @param {function(Error)} callback","   * @returns {void}","   */","  put (block, callback) {","    if (this.isOnline()) {","      return this._bitswap.put(block, callback)","    }","","    this._repo.blockstore.put(block, callback)","  }","","  /**","   * Put a multiple blocks to the underlying datastore.","   *","   * @param {Array<Block>} blocks","   * @param {function(Error)} callback","   * @returns {void}","   */","  putMany (blocks, callback) {","    if (this.isOnline()) {","      return this._bitswap.putMany(blocks, callback)","    }","","    this._repo.blockstore.putMany(blocks, callback)","  }","","  /**","   * Get a block by cid.","   *","   * @param {CID} cid","   * @param {function(Error, Block)} callback","   * @returns {void}","   */","  get (cid, callback) {","    if (this.isOnline()) {","      return this._bitswap.get(cid, callback)","    }","","    return this._repo.blockstore.get(cid, callback)","  }","","  /**","   * Delete a block from the blockstore.","   *","   * @param {CID} cid","   * @param {function(Error)} callback","   * @return {void}","   */","  delete (cid, callback) {","    this._repo.blockstore.delete(cid, callback)","  }","}","","module.exports = BlockService",""],"l":{"16":0,"17":0,"31":0,"40":0,"49":0,"60":0,"61":0,"64":0,"75":0,"76":0,"79":0,"90":0,"91":0,"94":0,"105":0,"109":1}},"/home/travis/build/npmtest/node-npmtest-ipfs/node_modules/ipfs-block/src/index.js":{"path":"/home/travis/build/npmtest/node-npmtest-ipfs/node_modules/ipfs-block/src/index.js","s":{"1":1,"2":0,"3":0,"4":0,"5":0,"6":0,"7":0,"8":0,"9":0,"10":0,"11":0,"12":0,"13":1},"b":{"1":[0,0],"2":[0,0],"3":[0,0],"4":[0,0],"5":[0,0]},"f":{"1":0,"2":0,"3":0,"4":0,"5":0,"6":0},"fnMap":{"1":{"name":"(anonymous_1)","line":16,"loc":{"start":{"line":16,"column":14},"end":{"line":16,"column":26}}},"2":{"name":"(anonymous_2)","line":34,"loc":{"start":{"line":34,"column":11},"end":{"line":34,"column":14}}},"3":{"name":"(anonymous_3)","line":38,"loc":{"start":{"line":38,"column":11},"end":{"line":38,"column":17}}},"4":{"name":"(anonymous_4)","line":47,"loc":{"start":{"line":47,"column":10},"end":{"line":47,"column":13}}},"5":{"name":"(anonymous_5)","line":51,"loc":{"start":{"line":51,"column":10},"end":{"line":51,"column":16}}},"6":{"name":"(anonymous_6)","line":61,"loc":{"start":{"line":61,"column":17},"end":{"line":61,"column":25}}}},"statementMap":{"1":{"start":{"line":3,"column":0},"end":{"line":3,"column":27}},"2":{"start":{"line":17,"column":4},"end":{"line":19,"column":5}},"3":{"start":{"line":18,"column":6},"end":{"line":18,"column":57}},"4":{"start":{"line":21,"column":4},"end":{"line":23,"column":5}},"5":{"start":{"line":22,"column":6},"end":{"line":22,"column":54}},"6":{"start":{"line":25,"column":4},"end":{"line":25,"column":21}},"7":{"start":{"line":26,"column":4},"end":{"line":26,"column":19}},"8":{"start":{"line":35,"column":4},"end":{"line":35,"column":21}},"9":{"start":{"line":39,"column":4},"end":{"line":39,"column":57}},"10":{"start":{"line":48,"column":4},"end":{"line":48,"column":20}},"11":{"start":{"line":52,"column":4},"end":{"line":52,"column":57}},"12":{"start":{"line":62,"column":4},"end":{"line":62,"column":54}},"13":{"start":{"line":66,"column":0},"end":{"line":66,"column":22}}},"branchMap":{"1":{"line":17,"type":"if","locations":[{"start":{"line":17,"column":4},"end":{"line":17,"column":4}},{"start":{"line":17,"column":4},"end":{"line":17,"column":4}}]},"2":{"line":17,"type":"binary-expr","locations":[{"start":{"line":17,"column":8},"end":{"line":17,"column":13}},{"start":{"line":17,"column":17},"end":{"line":17,"column":39}}]},"3":{"line":21,"type":"if","locations":[{"start":{"line":21,"column":4},"end":{"line":21,"column":4}},{"start":{"line":21,"column":4},"end":{"line":21,"column":4}}]},"4":{"line":21,"type":"binary-expr","locations":[{"start":{"line":21,"column":8},"end":{"line":21,"column":12}},{"start":{"line":21,"column":16},"end":{"line":21,"column":31}}]},"5":{"line":62,"type":"binary-expr","locations":[{"start":{"line":62,"column":11},"end":{"line":62,"column":16}},{"start":{"line":62,"column":20},"end":{"line":62,"column":54}}]}},"code":["'use strict'","","const CID = require('cids')","","/**"," * Represents an immutable block of data that is uniquely referenced with a cid."," *"," * @constructor"," * @param {Buffer} data - The data to be stored in the block as a buffer."," * @param {CID} cid - The cid of the data"," *"," * @example"," * const block = new Block(new Buffer('a012d83b20f9371...'))"," */","class Block {","  constructor (data, cid) {","    if (!data || !Buffer.isBuffer(data)) {","      throw new Error('first argument  must be a buffer')","    }","","    if (!cid || !CID.isCID(cid)) {","      throw new Error('second argument must be a CID')","    }","","    this._data = data","    this._cid = cid","  }","","  /**","   * The data of this block.","   *","   * @type {Buffer}","   */","  get data () {","    return this._data","  }","","  set data (val) {","    throw new Error('Tried to change an immutable block')","  }","","  /**","   * The cid of the data this block represents.","   *","   * @type {CID}","   */","  get cid () {","    return this._cid","  }","","  set cid (val) {","    throw new Error('Tried to change an immutable block')","  }","","  /**","   * Check if the given value is a Block.","   *","   * @param {any} other","   * @returns {bool}","   */","  static isBlock (other) {","    return other && other.constructor.name === 'Block'","  }","}","","module.exports = Block",""],"l":{"3":1,"17":0,"18":0,"21":0,"22":0,"25":0,"26":0,"35":0,"39":0,"48":0,"52":0,"62":0,"66":1}},"/home/travis/build/npmtest/node-npmtest-ipfs/node_modules/ipfs/src/core/default-repo.js":{"path":"/home/travis/build/npmtest/node-npmtest-ipfs/node_modules/ipfs/src/core/default-repo.js","s":{"1":1,"2":1,"3":1,"4":1,"5":0,"6":0},"b":{"1":[0,0]},"f":{},"fnMap":{},"statementMap":{"1":{"start":{"line":3,"column":0},"end":{"line":3,"column":24}},"2":{"start":{"line":4,"column":0},"end":{"line":4,"column":37}},"3":{"start":{"line":5,"column":0},"end":{"line":5,"column":28}},"4":{"start":{"line":7,"column":0},"end":{"line":11,"column":1}},"5":{"start":{"line":8,"column":2},"end":{"line":8,"column":60}},"6":{"start":{"line":10,"column":2},"end":{"line":10,"column":31}}},"branchMap":{"1":{"line":8,"type":"binary-expr","locations":[{"start":{"line":8,"column":19},"end":{"line":8,"column":22}},{"start":{"line":8,"column":26},"end":{"line":8,"column":60}}]}},"code":["'use strict'","","const os = require('os')","const IPFSRepo = require('ipfs-repo')","const path = require('path')","","module.exports = (dir) => {","  const repoPath = dir || path.join(os.homedir(), '.jsipfs')","","  return new IPFSRepo(repoPath)","}",""],"l":{"3":1,"4":1,"5":1,"7":1,"8":0,"10":0}},"/home/travis/build/npmtest/node-npmtest-ipfs/node_modules/ipfs-repo/src/index.js":{"path":"/home/travis/build/npmtest/node-npmtest-ipfs/node_modules/ipfs-repo/src/index.js","s":{"1":1,"2":1,"3":1,"4":1,"5":1,"6":1,"7":1,"8":1,"9":1,"10":1,"11":1,"12":1,"13":1,"14":1,"15":1,"16":1,"17":1,"18":1,"19":1,"20":1,"21":1,"22":0,"23":0,"24":0,"25":0,"26":0,"27":0,"28":0,"29":0,"30":0,"31":0,"32":0,"33":0,"34":0,"35":0,"36":0,"37":0,"38":0,"39":0,"40":0,"41":0,"42":0,"43":0,"44":0,"45":0,"46":0,"47":0,"48":0,"49":0,"50":0,"51":0,"52":0,"53":0,"54":0,"55":0,"56":0,"57":0,"58":0,"59":0,"60":0,"61":0,"62":0,"63":0,"64":0,"65":0,"66":0,"67":0,"68":0,"69":0,"70":0,"71":0,"72":0,"73":0,"74":0,"75":0,"76":0,"77":0,"78":0,"79":0,"80":0,"81":0,"82":0,"83":0,"84":0,"85":0,"86":0,"87":0,"88":0,"89":0,"90":0,"91":0,"92":0,"93":0,"94":0,"95":0,"96":0,"97":0,"98":0,"99":0,"100":0,"101":0,"102":0,"103":0,"104":0,"105":0,"106":0,"107":1},"b":{"1":[0,0],"2":[0,0],"3":[0,0],"4":[0,0],"5":[0,0],"6":[0,0],"7":[0,0],"8":[0,0],"9":[0,0],"10":[0,0],"11":[0,0],"12":[0,0],"13":[0,0],"14":[0,0],"15":[0,0],"16":[0,0],"17":[0,0]},"f":{"1":0,"2":0,"3":0,"4":0,"5":0,"6":0,"7":0,"8":0},"fnMap":{"1":{"name":"(anonymous_1)","line":43,"loc":{"start":{"line":43,"column":14},"end":{"line":43,"column":34}}},"2":{"name":"(anonymous_2)","line":81,"loc":{"start":{"line":81,"column":7},"end":{"line":81,"column":26}}},"3":{"name":"(anonymous_3)","line":103,"loc":{"start":{"line":103,"column":7},"end":{"line":103,"column":18}}},"4":{"name":"(anonymous_4)","line":169,"loc":{"start":{"line":169,"column":17},"end":{"line":169,"column":28}}},"5":{"name":"(anonymous_5)","line":193,"loc":{"start":{"line":193,"column":8},"end":{"line":193,"column":19}}},"6":{"name":"(anonymous_6)","line":226,"loc":{"start":{"line":226,"column":9},"end":{"line":226,"column":20}}},"7":{"name":"(anonymous_7)","line":237,"loc":{"start":{"line":237,"column":16},"end":{"line":237,"column":33}}},"8":{"name":"(anonymous_8)","line":247,"loc":{"start":{"line":247,"column":13},"end":{"line":247,"column":24}}}},"statementMap":{"1":{"start":{"line":3,"column":0},"end":{"line":3,"column":38}},"2":{"start":{"line":4,"column":0},"end":{"line":4,"column":38}},"3":{"start":{"line":5,"column":0},"end":{"line":5,"column":44}},"4":{"start":{"line":7,"column":0},"end":{"line":7,"column":46}},"5":{"start":{"line":8,"column":0},"end":{"line":8,"column":45}},"6":{"start":{"line":9,"column":0},"end":{"line":9,"column":44}},"7":{"start":{"line":10,"column":0},"end":{"line":10,"column":38}},"8":{"start":{"line":11,"column":0},"end":{"line":11,"column":42}},"9":{"start":{"line":12,"column":0},"end":{"line":12,"column":38}},"10":{"start":{"line":13,"column":0},"end":{"line":13,"column":44}},"11":{"start":{"line":14,"column":0},"end":{"line":14,"column":32}},"12":{"start":{"line":15,"column":0},"end":{"line":15,"column":28}},"13":{"start":{"line":16,"column":0},"end":{"line":16,"column":30}},"14":{"start":{"line":18,"column":0},"end":{"line":18,"column":36}},"15":{"start":{"line":19,"column":0},"end":{"line":19,"column":34}},"16":{"start":{"line":20,"column":0},"end":{"line":20,"column":42}},"17":{"start":{"line":22,"column":0},"end":{"line":22,"column":25}},"18":{"start":{"line":24,"column":0},"end":{"line":24,"column":30}},"19":{"start":{"line":25,"column":0},"end":{"line":25,"column":32}},"20":{"start":{"line":26,"column":0},"end":{"line":26,"column":34}},"21":{"start":{"line":27,"column":0},"end":{"line":27,"column":21}},"22":{"start":{"line":44,"column":4},"end":{"line":44,"column":63}},"23":{"start":{"line":46,"column":4},"end":{"line":48,"column":5}},"24":{"start":{"line":47,"column":6},"end":{"line":47,"column":44}},"25":{"start":{"line":50,"column":4},"end":{"line":50,"column":22}},"26":{"start":{"line":51,"column":4},"end":{"line":51,"column":24}},"27":{"start":{"line":52,"column":4},"end":{"line":55,"column":15}},"28":{"start":{"line":56,"column":4},"end":{"line":56,"column":58}},"29":{"start":{"line":57,"column":4},"end":{"line":57,"column":35}},"30":{"start":{"line":58,"column":4},"end":{"line":60,"column":7}},"31":{"start":{"line":62,"column":4},"end":{"line":62,"column":41}},"32":{"start":{"line":63,"column":4},"end":{"line":63,"column":39}},"33":{"start":{"line":65,"column":4},"end":{"line":71,"column":5}},"34":{"start":{"line":66,"column":6},"end":{"line":66,"column":45}},"35":{"start":{"line":67,"column":11},"end":{"line":71,"column":5}},"36":{"start":{"line":68,"column":6},"end":{"line":68,"column":38}},"37":{"start":{"line":70,"column":6},"end":{"line":70,"column":66}},"38":{"start":{"line":82,"column":4},"end":{"line":82,"column":41}},"39":{"start":{"line":84,"column":4},"end":{"line":93,"column":16}},"40":{"start":{"line":85,"column":14},"end":{"line":90,"column":8}},"41":{"start":{"line":86,"column":8},"end":{"line":88,"column":9}},"42":{"start":{"line":87,"column":10},"end":{"line":87,"column":21}},"43":{"start":{"line":89,"column":8},"end":{"line":89,"column":15}},"44":{"start":{"line":91,"column":14},"end":{"line":91,"column":41}},"45":{"start":{"line":92,"column":14},"end":{"line":92,"column":47}},"46":{"start":{"line":104,"column":4},"end":{"line":106,"column":5}},"47":{"start":{"line":105,"column":6},"end":{"line":105,"column":56}},"48":{"start":{"line":107,"column":4},"end":{"line":107,"column":36}},"49":{"start":{"line":110,"column":4},"end":{"line":159,"column":6}},"50":{"start":{"line":111,"column":14},"end":{"line":116,"column":8}},"51":{"start":{"line":112,"column":8},"end":{"line":114,"column":9}},"52":{"start":{"line":113,"column":10},"end":{"line":113,"column":21}},"53":{"start":{"line":115,"column":8},"end":{"line":115,"column":15}},"54":{"start":{"line":117,"column":14},"end":{"line":117,"column":37}},"55":{"start":{"line":118,"column":14},"end":{"line":118,"column":46}},"56":{"start":{"line":120,"column":8},"end":{"line":120,"column":32}},"57":{"start":{"line":121,"column":8},"end":{"line":121,"column":27}},"58":{"start":{"line":123,"column":8},"end":{"line":123,"column":30}},"59":{"start":{"line":124,"column":8},"end":{"line":124,"column":39}},"60":{"start":{"line":125,"column":8},"end":{"line":125,"column":85}},"61":{"start":{"line":127,"column":8},"end":{"line":132,"column":9}},"62":{"start":{"line":128,"column":10},"end":{"line":128,"column":52}},"63":{"start":{"line":129,"column":10},"end":{"line":129,"column":50}},"64":{"start":{"line":131,"column":10},"end":{"line":131,"column":21}},"65":{"start":{"line":135,"column":8},"end":{"line":135,"column":34}},"66":{"start":{"line":136,"column":8},"end":{"line":144,"column":11}},"67":{"start":{"line":146,"column":8},"end":{"line":146,"column":42}},"68":{"start":{"line":147,"column":8},"end":{"line":147,"column":27}},"69":{"start":{"line":148,"column":8},"end":{"line":148,"column":12}},"70":{"start":{"line":151,"column":6},"end":{"line":156,"column":7}},"71":{"start":{"line":152,"column":8},"end":{"line":155,"column":10}},"72":{"start":{"line":153,"column":10},"end":{"line":153,"column":42}},"73":{"start":{"line":154,"column":10},"end":{"line":154,"column":23}},"74":{"start":{"line":158,"column":6},"end":{"line":158,"column":19}},"75":{"start":{"line":170,"column":4},"end":{"line":170,"column":21}},"76":{"start":{"line":171,"column":4},"end":{"line":184,"column":6}},"77":{"start":{"line":172,"column":14},"end":{"line":172,"column":36}},"78":{"start":{"line":173,"column":14},"end":{"line":173,"column":49}},"79":{"start":{"line":175,"column":6},"end":{"line":175,"column":27}},"80":{"start":{"line":176,"column":6},"end":{"line":178,"column":7}},"81":{"start":{"line":177,"column":8},"end":{"line":177,"column":28}},"82":{"start":{"line":180,"column":6},"end":{"line":182,"column":7}},"83":{"start":{"line":181,"column":8},"end":{"line":181,"column":65}},"84":{"start":{"line":183,"column":6},"end":{"line":183,"column":16}},"85":{"start":{"line":194,"column":4},"end":{"line":196,"column":5}},"86":{"start":{"line":195,"column":6},"end":{"line":195,"column":58}},"87":{"start":{"line":198,"column":4},"end":{"line":198,"column":36}},"88":{"start":{"line":199,"column":4},"end":{"line":217,"column":30}},"89":{"start":{"line":200,"column":14},"end":{"line":205,"column":8}},"90":{"start":{"line":201,"column":8},"end":{"line":203,"column":9}},"91":{"start":{"line":202,"column":10},"end":{"line":202,"column":21}},"92":{"start":{"line":204,"column":8},"end":{"line":204,"column":15}},"93":{"start":{"line":206,"column":14},"end":{"line":206,"column":34}},"94":{"start":{"line":207,"column":14},"end":{"line":207,"column":37}},"95":{"start":{"line":209,"column":8},"end":{"line":209,"column":24}},"96":{"start":{"line":210,"column":8},"end":{"line":210,"column":26}},"97":{"start":{"line":211,"column":8},"end":{"line":211,"column":31}},"98":{"start":{"line":214,"column":8},"end":{"line":214,"column":28}},"99":{"start":{"line":215,"column":8},"end":{"line":215,"column":12}},"100":{"start":{"line":217,"column":16},"end":{"line":217,"column":29}},"101":{"start":{"line":227,"column":4},"end":{"line":227,"column":33}},"102":{"start":{"line":238,"column":4},"end":{"line":238,"column":70}},"103":{"start":{"line":248,"column":4},"end":{"line":254,"column":6}},"104":{"start":{"line":249,"column":6},"end":{"line":251,"column":7}},"105":{"start":{"line":250,"column":8},"end":{"line":250,"column":28}},"106":{"start":{"line":253,"column":
[...]
tart":{"line":62,"column":10},"end":{"line":62,"column":10}},{"start":{"line":62,"column":10},"end":{"line":62,"column":10}}]},"3":{"line":130,"type":"if","locations":[{"start":{"line":130,"column":6},"end":{"line":130,"column":6}},{"start":{"line":130,"column":6},"end":{"line":130,"column":6}}]}},"code":["'use strict'","","const series = require('async/series')","const Hapi = require('hapi')","const debug = require('debug')","const multiaddr = require('multiaddr')","const setHeader = require('hapi-set-header')","const once = require('once')","","const IPFS = require('../core')","const errorHandler = require('./error-handler')","","function uriToMultiaddr (uri) {","  const ipPort = uri.split('/')[2].split(':')","  return `/ip4/${ipPort[0]}/tcp/${ipPort[1]}`","}","","function HttpApi (repo, config) {","  this.node = undefined","  this.server = undefined","","  this.log = debug('jsipfs:http-api')","  this.log.error = debug('jsipfs:http-api:error')","","  this.start = (init, callback) => {","    if (typeof init === 'function') {","      callback = init","      init = false","    }","    this.log('starting')","","    series([","      (cb) => {","        // try-catch so that programmer errors are not swallowed during testing","        try {","          // start the daemon","          this.node = new IPFS({","            repo: repo,","            init: init,","            start: true,","            config: config,","            EXPERIMENTAL: {","              pubsub: true","            }","          })","        } catch (err) {","          return cb(err)","        }","","        cb = once(cb)","","        this.node.once('error', (err) => {","          this.log('error starting core', err)","          err.code = 'ENOENT'","          cb(err)","        })","        this.node.once('start', cb)","      },","      (cb) => {","        this.log('fetching config')","        this.node._repo.config.get((err, config) => {","          if (err) {","            return callback(err)","          }","","          // CORS is enabled by default","          this.server = new Hapi.Server({","            connections: { routes: { cors: true } }","          })","","          this.server.app.ipfs = this.node","          const api = config.Addresses.API.split('/')","          const gateway = config.Addresses.Gateway.split('/')","","          // select which connection with server.select(<label>) to add routes","          this.server.connection({","            host: api[2],","            port: api[4],","            labels: 'API'","          })","","          this.server.connection({","            host: gateway[2],","            port: gateway[4],","            labels: 'Gateway'","          })","","          // Nicer errors","          errorHandler(this, this.server)","","          // load routes","          require('./routes')(this.server)","","          // Set default headers","          setHeader(this.server,","            'Access-Control-Allow-Headers',","            'X-Stream-Output, X-Chunked-Output, X-Content-Length')","          setHeader(this.server,","            'Access-Control-Expose-Headers',","            'X-Stream-Output, X-Chunked-Output, X-Content-Length')","","          this.server.start(cb)","        })","      },","      (cb) => {","        const api = this.server.select('API')","        const gateway = this.server.select('Gateway')","        this.apiMultiaddr = multiaddr('/ip4/127.0.0.1/tcp/' + api.info.port)","        api.info.ma = uriToMultiaddr(api.info.uri)","        gateway.info.ma = uriToMultiaddr(gateway.info.uri)","","        console.log('API is listening on: %s', api.info.ma)","        console.log('Gateway (readonly) is listening on: %s', gateway.info.ma)","","        // for the CLI to know the where abouts of the API","        this.node._repo.setApiAddress(api.info.ma, cb)","      }","    ], (err) => {","      this.log('done', err)","      callback(err)","    })","  }","","  this.stop = (callback) => {","    this.log('stopping')","    series([","      (cb) => this.server.stop(cb),","      (cb) => this.node.stop(cb)","    ], (err) => {","      if (err) {","        this.log.error(err)","        console.log('There were errors stopping')","      }","      callback()","    })","  }","}","","module.exports = HttpApi",""],"l":{"3":1,"4":1,"5":1,"6":1,"7":1,"8":1,"10":1,"11":1,"13":1,"14":0,"15":0,"18":1,"19":0,"20":0,"22":0,"23":0,"25":0,"26":0,"27":0,"28":0,"30":0,"32":0,"35":0,"37":0,"47":0,"50":0,"52":0,"53":0,"54":0,"55":0,"57":0,"60":0,"61":0,"62":0,"63":0,"67":0,"71":0,"72":0,"73":0,"76":0,"82":0,"89":0,"92":0,"95":0,"98":0,"102":0,"106":0,"107":0,"108":0,"109":0,"110":0,"112":0,"113":0,"116":0,"119":0,"120":0,"124":0,"125":0,"126":0,"127":0,"128":0,"130":0,"131":0,"132":0,"134":0,"139":1}},"/home/travis/build/npmtest/node-npmtest-ipfs/node_modules/ipfs/src/cli/commands/dag.js":{"path":"/home/travis/build/npmtest/node-npmtest-ipfs/node_modules/ipfs/src/cli/commands/dag.js","s":{"1":1,"2":0},"b":{},"f":{"1":0,"2":0},"fnMap":{"1":{"name":"(anonymous_1)","line":8,"loc":{"start":{"line":8,"column":10},"end":{"line":8,"column":18}}},"2":{"name":"(anonymous_2)","line":13,"loc":{"start":{"line":13,"column":10},"end":{"line":13,"column":17}}}},"statementMap":{"1":{"start":{"line":3,"column":0},"end":{"line":15,"column":1}},"2":{"start":{"line":9,"column":4},"end":{"line":10,"column":24}}},"branchMap":{},"code":["'use strict'","","module.exports = {","  command: 'dag',","","  description: 'Interact with ipld dag objects.',","","  builder (yargs) {","    return yargs","      .commandDir('dag')","  },","","  handler (argv) {","  }","}",""],"l":{"3":1,"9":0}},"/home/travis/build/npmtest/node-npmtest-ipfs/node_modules/ipfs/src/cli/commands/dns.js":{"path":"/home/travis/build/npmtest/node-npmtest-ipfs/node_modules/ipfs/src/cli/commands/dns.js","s":{"1":1},"b":{},"f":{"1":0},"fnMap":{"1":{"name":"(anonymous_1)","line":8,"loc":{"start":{"line":8,"column":10},"end":{"line":8,"column":17}}}},"statementMap":{"1":{"start":{"line":3,"column":0},"end":{"line":10,"column":1}}},"branchMap":{},"code":["'use strict'","","module.exports = {","  command: 'dns',","","  describe: '',","","  handler (argv) {","  }","}",""],"l":{"3":1}},"/home/travis/build/npmtest/node-npmtest-ipfs/node_modules/ipfs/src/cli/commands/files.js":{"path":"/home/travis/build/npmtest/node-npmtest-ipfs/node_modules/ipfs/src/cli/commands/files.js","s":{"1":1,"2":0},"b":{},"f":{"1":0,"2":0},"fnMap":{"1":{"name":"(anonymous_1)","line":8,"loc":{"start":{"line":8,"column":10},"end":{"line":8,"column":18}}},"2":{"name":"(anonymous_2)","line":13,"loc":{"start":{"line":13,"column":10},"end":{"line":13,"column":17}}}},"statementMap":{"1":{"start":{"line":3,"column":0},"end":{"line":14,"column":1}},"2":{"start":{"line":9,"column":4},"end":{"line":10,"column":26}}},"branchMap":{},"code":["'use strict'","","module.exports = {","  command: 'files',","","  description: 'Unixfs commands',","","  builder (yargs) {","    return yargs","      .commandDir('files')","  },","","  handler (argv) {}","}",""],"l":{"3":1,"9":0}},"/home/travis/build/npmtest/node-npmtest-ipfs/node_modules/ipfs/src/cli/commands/id.js":{"path":"/home/travis/build/npmtest/node-npmtest-ipfs/node_modules/ipfs/src/cli/commands/id.js","s":{"1":1,"2":0,"3":0,"4":0,"5":0},"b":{"1":[0,0]},"f":{"1":0},"fnMap":{"1":{"name":"(anonymous_1)","line":15,"loc":{"start":{"line":15,"column":10},"end":{"line":15,"column":17}}}},"statementMap":{"1":{"start":{"line":3,"column":0},"end":{"line":25,"column":1}},"2":{"start":{"line":17,"column":4},"end":{"line":23,"column":6}},"3":{"start":{"line":18,"column":6},"end":{"line":20,"column":7}},"4":{"start":{"line":19,"column":8},"end":{"line":19,"column":17}},"5":{"start":{"line":22,"column":6},"end":{"line":22,"column":44}}},"branchMap":{"1":{"line":18,"type":"if","locations":[{"start":{"line":18,"column":6},"end":{"line":18,"column":6}},{"start":{"line":18,"column":6},"end":{"line":18,"column":6}}]}},"code":["'use strict'","","module.exports = {","  command: 'id',","","  describe: 'Shows IPFS Node ID info',","","  builder: {","    format: {","      alias: 'f',","      type: 'string'","    }","  },","","  handler (argv) {","    // TODO: handle argv.format","    argv.ipfs.id((err, id) => {","      if (err) {","        throw err","      }","","      console.log(JSON.stringify(id, '', 2))","    })","  }","}",""],"l":{"3":1,"17":0,"18":0,"19":0,"22":0}},"/home/travis/build/npmtest/node-npmtest-ipfs/node_modules/ipfs/src/cli/commands/init.js":{"path":"/home/travis/build/npmtest/node-npmtest-ipfs/node_modules/ipfs/src/cli/commands/init.js","s":{"1":1,"2":1,"3":1,"4":1,"5":0,"6":0,"7":0,"8":0,"9":0,"10":0,"11":0,"12":0,"13":0,"14":0},"b":{"1":[0,0],"2":[0,0]},"f":{"1":0},"fnMap":{"1":{"name":"(anonymous_1)","line":26,"loc":{"start":{"line":26,"column":10},"end":{"line":26,"column":17}}}},"statementMap":{"1":{"start":{"line":3,"column":0},"end":{"line":3,"column":33}},"2":{"start":{"line":4,"column":0},"end":{"line":4,"column":34}},"3":{"start":{"line":5,"column":0},"end":{"line":5,"column":33}},"4":{"start":{"line":7,"column":0},"end":{"line":52,"column":1}},"5":{"start":{"line":27,"column":4},"end":{"line":27,"column":36}},"6":{"start":{"line":29,"column":4},"end":{"line":29,"column":40}},"7":{"start":{"line":30,"column":4},"end":{"line":30,"column":44}},"8":{"start":{"line":32,"column":4},"end":{"line":36,"column":6}},"9":{"start":{"line":38,"column":4},"end":{"line":50,"column":6}},"10":{"start":{"line":43,"column":6},"end":{"line":49,"column":7}},"11":{"start":{"line":44,"column":8},"end":{"line":46,"column":9}},"12":{"start":{"line":45,"column":10},"end":{"line":45,"column":76}},"13":{"start":{"line":47,"column":8},"end":{"line":47,"column":37}},"14":{"start":{"line":48,"column":8},"end":{"line":48,"column":23}}},"branchMap":{"1":{"line":43,"type":"if","locations":[{"start":{"line":43,"column":6},"end":{"line":43,"column":6}},{"start":{"line":43,"column":6},"end":{"line":43,"column":6}}]},"2":{"line":44,"type":"if","locations":[{"start":{"line":44,"column":8},"end":{"line":44,"column":8}},{"start":{"line":44,"column":8},"end":{"line":44,"column":8}}]}},"code":["'use strict'","","const Repo = require('ipfs-repo')","const IPFS = require('../../core')","const utils = require('../utils')","","module.exports = {","  command: 'init',","","  describe: 'Initialize a local IPFS node',","","  builder: {","    bits: {","      type: 'number',","      alias: 'b',","      default: '2048',","      describe: 'Number of bits to use in the generated RSA private key (defaults to 2048)'","    },","    emptyRepo: {","      alias: 'e',","      type: 'boolean',","      describe: \"Don't add and pin help files to the local storage\"","    }","  },","","  handler (argv) {","    const path = utils.getRepoPath()","","    const log = utils.createLogger(true)","    log(`initializing ipfs node at ${path}`)","","    const node = new IPFS({","      repo: new Repo(path),","      init: false,","      start: false","    })","","    node.init({","      bits: argv.bits,","      emptyRepo: argv.emptyRepo,","      log: log","    }, (err) => {","      if (err) {","        if (err.code === 'EACCES') {","          err.message = `EACCES: permission denied, stat $IPFS_PATH/version`","        }","        console.error(err.toString())","        process.exit(1)","      }","    })","  }","}",""],"l":{"3":1,"4":1,"5":1,"7":1,"27":0,"29":0,"30":0,"32":0,"38":0,"43":0,"44":0,"45":0,"47":0,"48":0}},"/home/travis/build/npmtest/node-npmtest-ipfs/node_modules/ipfs/src/cli/commands/ls.js":{"path":"/home/travis/build/npmtest/node-npmtest-ipfs/node_modules/ipfs/src/cli/commands/ls.js","s":{"1":1},"b":{},"f":{"1":0},"fnMap":{"1":{"name":"(anonymous_1)","line":8,"loc":{"start":{"line":8,"column":10},"end":{"line":8,"column":17}}}},"statementMap":{"1":{"start":{"line":3,"column":0},"end":{"line":10,"column":1}}},"branchMap":{},"code":["'use strict'","","module.exports = {","  command: 'ls',","","  describe: '',","","  handler (argv) {","  }","}",""],"l":{"3":1}},"/home/travis/build/npmtest/node-npmtest-ipfs/node_modules/ipfs/src/cli/commands/mount.js":{"path":"/home/travis/build/npmtest/node-npmtest-ipfs/node_modules/ipfs/src/cli/commands/mount.js","s":{"1":1},"b":{},"f":{"1":0},"fnMap":{"1":{"name":"(anonymous_1)","line":8,"loc":{"start":{"line":8,"column":10},"end":{"line":8,"column":17}}}},"statementMap":{"1":{"start":{"line":3,"column":0},"end":{"line":10,"column":1}}},"branchMap":{},"code":["'use strict'","","module.exports = {","  command: 'mount',","","  describe: '',","","  handler (argv) {","  }","}",""],"l":{"3":1}},"/home/travis/build/npmtest/node-npmtest-ipfs/node_modules/ipfs/src/cli/commands/object.js":{"path":"/home/travis/build/npmtest/node-npmtest-ipfs/node_modules/ipfs/src/cli/commands/object.js","s":{"1":1,"2":0},"b":{},"f":{"1":0,"2":0},"fnMap":{"1":{"name":"(anonymous_1)","line":8,"loc":{"start":{"line":8,"column":10},"end":{"line":8,"column":18}}},"2":{"name":"(anonymous_2)","line":13,"loc":{"start":{"line":13,"column":10},"end":{"line":13,"column":17}}}},"statementMap":{"1":{"start":{"line":3,"column":0},"end":{"line":15,"column":1}},"2":{"start":{"line":9,"column":4},"end":{"line":10,"column":27}}},"branchMap":{},"code":["'use strict'","","module.exports = {","  command: 'object',","","  description: 'Interact with ipfs objects.',","","  builder (yargs) {","    return yargs","      .commandDir('object')","  },","","  handler (argv) {","  }","}",""],"l":{"3":1,"9":0}},"/home/travis/build/npmtest/node-npmtest-ipfs/node_modules/ipfs/src/cli/commands/ping.js":{"path":"/home/travis/build/npmtest/node-npmtest-ipfs/node_modules/ipfs/src/cli/commands/ping.js","s":{"1":1},"b":{},"f":{"1":0},"fnMap":{"1":{"name":"(anonymous_1)","line":8,"loc":{"start":{"line":8,"column":10},"end":{"line":8,"column":17}}}},"statementMap":{"1":{"start":{"line":3,"column":0},"end":{"line":10,"column":1}}},"branchMap":{},"code":["'use strict'","","module.exports = {","  command: 'ping',","","  describe: '',","","  handler (argv) {","  }","}",""],"l":{"3":1}},"/home/travis/build/npmtest/node-npmtest-ipfs/node_modules/ipfs/src/cli/commands/pubsub.js":{"path":"/home/travis/build/npmtest/node-npmtest-ipfs/node_modules/ipfs/src/cli/commands/pubsub.js","s":{"1":1,"2":0},"b":{},"f":{"1":0,"2":0},"fnMap":{"1":{"name":"(anonymous_1)","line":8,"loc":{"start":{"line":8,"column":10},"end":{"line":8,"column":18}}},"2":{"name":"(anonymous_2)","line":13,"loc":{"start":{"line":13,"column":10},"end":{"line":13,"column":17}}}},"statementMap":{"1":{"start":{"line":3,"column":0},"end":{"line":14,"column":1}},"2":{"start":{"line":9,"column":4},"end":{"line":10,"column":27}}},"branchMap":{},"code":["'use strict'","","module.exports = {","  command: 'pubsub',","","  description: 'pubsub commands',","","  builder (yargs) {","    return yargs","      .commandDir('pubsub')","  },","","  handler (argv) {}","}",""],"l":{"3":1,"9":0}},"/home/travis/build/npmtest/node-npmtest-ipfs/node_modules/ipfs/src/cli/commands/refs.js":{"path":"/home/travis/build/npmtest/node-npmtest-ipfs/node_modules/ipfs/src/cli/commands/refs.js","s":{"1":1},"b":{},"f":{"1":0},"fnMap":{"1":{"name":"(anonymous_1)","line":8,"loc":{"start":{"line":8,"column":10},"end":{"line":8,"column":17}}}},"statementMap":{"1":{"start":{"line":3,"column":0},"end":{"line":10,"column":1}}},"branchMap":{},"code":["'use strict'","","module.exports = {","  command: 'refs',","","  describe: '',","","  handler (argv) {","  }","}",""],"l":{"3":1}},"/home/travis/build/npmtest/node-npmtest-ipfs/node_modules/ipfs/src/cli/commands/repo.js":{"path":"/home/travis/build/npmtest/node-npmtest-ipfs/node_modules/ipfs/src/cli/commands/repo.js","s":{"1":1,"2":0},"b":{},"f":{"1":0,"2":0},"fnMap":{"1":{"name":"(anonymous_1)","line":8,"loc":{"start":{"line":8,"column":10},"end":{"line":8,"column":18}}},"2":{"name":"(anonymous_2)","line":13,"loc":{"start":{"line":13,"column":10},"end":{"line":13,"column":17}}}},"statementMap":{"1":{"start":{"line":3,"column":0},"end":{"line":15,"column":1}},"2":{"start":{"line":9,"column":4},"end":{"line":10,"column":25}}},"branchMap":{},"code":["'use strict'","","module.exports = {","  command: 'repo',","","  description: 'Manipulate the IPFS repo.',","","  builder (yargs) {","    return yargs","      .commandDir('repo')","  },","","  handler (argv) {","  }","}",""],"l":{"3":1,"9":0}},"/home/travis/build/npmtest/node-npmtest-ipfs/node_modules/ipfs/src/cli/commands/resolve.js":{"path":"/home/travis/build/npmtest/node-npmtest-ipfs/node_modules/ipfs/src/cli/commands/resolve.js","s":{"1":1},"b":{},"f":{"1":0},"fnMap":{"1":{"name":"(anonymous_1)","line":8,"loc":{"start":{"line":8,"column":10},"end":{"line":8,"column":17}}}},"statementMap":{"1":{"start":{"line":3,"column":0},"end":{"line":10,"column":1}}},"branchMap":{},"code":["'use strict'","","module.exports = {","  command: 'resolve',","","  describe: '',","","  handler (argv) {","  }","}",""],"l":{"3":1}},"/home/travis/build/npmtest/node-npmtest-ipfs/node_modules/ipfs/src/cli/commands/swarm.js":{"path":"/home/travis/build/npmtest/node-npmtest-ipfs/node_modules/ipfs/src/cli/commands/swarm.js","s":{"1":1,"2":0},"b":{},"f":{"1":0,"2":0},"fnMap":{"1":{"name":"(anonymous_1)","line":8,"loc":{"start":{"line":8,"column":10},"end":{"line":8,"column":18}}},"2":{"name":"(anonymous_2)","line":13,"loc":{"start":{"line":13,"column":10},"end":{"line":13,"column":17}}}},"statementMap":{"1":{"start":{"line":3,"column":0},"end":{"line":15,"column":1}},"2":{"start":{"line":9,"column":4},"end":{"line":10,"column":26}}},"branchMap":{},"code":["'use strict'","","module.exports = {","  command: 'swarm',","","  description: 'Swarm inspection tool.',","","  builder (yargs) {","    return yargs","      .commandDir('swarm')","  },","","  handler (argv) {","  }","}",""],"l":{"3":1,"9":0}},"/home/travis/build/npmtest/node-npmtest-ipfs/node_modules/ipfs/src/cli/commands/update.js":{"path":"/home/travis/build/npmtest/node-npmtest-ipfs/node_modules/ipfs/src/cli/commands/update.js","s":{"1":1},"b":{},"f":{"1":0},"fnMap":{"1":{"name":"(anonymous_1)","line":8,"loc":{"start":{"line":8,"column":10},"end":{"line":8,"column":17}}}},"statementMap":{"1":{"start":{"line":3,"column":0},"end":{"line":10,"column":1}}},"branchMap":{},"code":["'use strict'","","module.exports = {","  command: 'update',","","  describe: '',","","  handler (argv) {","  }","}",""],"l":{"3":1}},"/home/travis/build/npmtest/node-npmtest-ipfs/node_modules/ipfs/src/cli/commands/version.js":{"path":"/home/travis/build/npmtest/node-npmtest-ipfs/node_modules/ipfs/src/cli/commands/version.js","s":{"1":1,"2":0,"3":0,"4":0,"5":0},"b":{"1":[0,0]},"f":{"1":0},"fnMap":{"1":{"name":"(anonymous_1)","line":24,"loc":{"start":{"line":24,"column":10},"end":{"line":24,"column":17}}}},"statementMap":{"1":{"start":{"line":3,"column":0},"end":{"line":34,"column":1}},"2":{"start":{"line":26,"column":4},"end":{"line":32,"column":6}},"3":{"start":{"line":27,"column":6},"end":{"line":29,"column":7}},"4":{"start":{"line":28,"column":8},"end":{"line":28,"column":17}},"5":{"start":{"line":31,"column":6},"end":{"line":31,"column":56}}},"branchMap":{"1":{"line":27,"type":"if","locations":[{"start":{"line":27,"column":6},"end":{"line":27,"column":6}},{"start":{"line":27,"column":6},"end":{"line":27,"column":6}}]}},"code":["'use strict'","","module.exports = {","  command: 'version',","","  describe: 'Shows IPFS version information',","","  builder: {","    number: {","      alias: 'n',","      type: 'boolean',","      default: false","    },","    commit: {","      type: 'boolean',","      default: false","    },","    repo: {","      type: 'boolean',","      default: false","    }","  },","","  handler (argv) {","    // TODO: handle argv.{repo|commit|number}","    argv.ipfs.version((err, version) => {","      if (err) {","        throw err","      }","","      console.log(`js-ipfs version: ${version.version}`)","    })","  }","}",""],"l":{"3":1,"26":0,"27":0,"28":0,"31":0}}}